{"meta": {"format": 3, "version": "7.13.4", "timestamp": "2026-03-10T13:09:28.925414", "branch_coverage": false, "show_contexts": false}, "files": {"health_unified_platform/health_platform/__init__.py": {"executed_lines": [], "summary": {"covered_lines": 0, "num_statements": 0, "percent_covered": 100.0, "percent_covered_display": "100", "missing_lines": 0, "excluded_lines": 0, "percent_statements_covered": 100.0, "percent_statements_covered_display": "100"}, "missing_lines": [], "excluded_lines": [], "functions": {"": {"executed_lines": [], "summary": {"covered_lines": 0, "num_statements": 0, "percent_covered": 100.0, "percent_covered_display": "100", "missing_lines": 0, "excluded_lines": 0, "percent_statements_covered": 100.0, "percent_statements_covered_display": "100"}, "missing_lines": [], "excluded_lines": [], "start_line": 1}}, "classes": {"": {"executed_lines": [], "summary": {"covered_lines": 0, "num_statements": 0, "percent_covered": 100.0, "percent_covered_display": "100", "missing_lines": 0, "excluded_lines": 0, "percent_statements_covered": 100.0, "percent_statements_covered_display": "100"}, "missing_lines": [], "excluded_lines": [], "start_line": 1}}}, "health_unified_platform/health_platform/ai/__init__.py": {"executed_lines": [], "summary": {"covered_lines": 0, "num_statements": 0, "percent_covered": 100.0, "percent_covered_display": "100", "missing_lines": 0, "excluded_lines": 0, "percent_statements_covered": 100.0, "percent_statements_covered_display": "100"}, "missing_lines": [], "excluded_lines": [], "functions": {"": {"executed_lines": [], "summary": {"covered_lines": 0, "num_statements": 0, "percent_covered": 100.0, "percent_covered_display": "100", "missing_lines": 0, "excluded_lines": 0, "percent_statements_covered": 100.0, "percent_statements_covered_display": "100"}, "missing_lines": [], "excluded_lines": [], "start_line": 1}}, "classes": {"": {"executed_lines": [], "summary": {"covered_lines": 0, "num_statements": 0, "percent_covered": 100.0, "percent_covered_display": "100", "missing_lines": 0, "excluded_lines": 0, "percent_statements_covered": 100.0, "percent_statements_covered_display": "100"}, "missing_lines": [], "excluded_lines": [], "start_line": 1}}}, "health_unified_platform/health_platform/ai/anomaly_detector.py": {"executed_lines": [8, 10, 11, 13, 15, 17, 20, 21, 24, 25, 26, 27, 28, 29, 30, 31, 32, 33, 34, 37, 38, 41, 42, 43, 44, 45, 48, 49, 52, 53, 54, 55, 56, 57, 58, 61, 62, 65, 66, 67, 68, 69, 71, 72, 73, 80, 92, 126, 133, 135, 136, 137, 138, 141, 144, 145, 146, 148, 155, 156, 158, 161, 162, 165, 168, 171, 173, 179, 181, 196, 198, 232, 233, 240, 241, 242, 243, 244, 245, 246, 248, 251, 254, 259, 275, 277, 286, 287, 288, 290, 292, 294, 295, 297, 298, 299, 300, 301, 302, 305, 306, 307, 308, 311, 312, 313, 314, 315, 316, 317, 318, 319, 320, 321, 322, 324, 325, 328, 329, 330, 331, 332, 333, 334, 337, 338, 339, 341, 343, 353, 355, 365, 366, 368, 371, 373, 374, 385, 386, 393, 394, 398, 399, 400, 402, 403, 405, 406, 407, 409, 410, 412, 413, 416, 417, 419, 422, 424, 425, 428, 429, 430, 432, 435, 437, 438, 443, 455, 458, 460, 461, 463, 464, 465, 466, 469, 470, 471, 473, 478, 479, 480, 481, 483, 484, 486], "summary": {"covered_lines": 186, "num_statements": 198, "percent_covered": 93.93939393939394, "percent_covered_display": "94", "missing_lines": 12, "excluded_lines": 0, "percent_statements_covered": 93.93939393939394, "percent_statements_covered_display": "94"}, "missing_lines": [236, 237, 238, 252, 387, 388, 391, 431, 433, 474, 475, 476], "excluded_lines": [], "functions": {"AnomalyReport.has_critical": {"executed_lines": [73], "summary": {"covered_lines": 1, "num_statements": 1, "percent_covered": 100.0, "percent_covered_display": "100", "missing_lines": 0, "excluded_lines": 0, "percent_statements_covered": 100.0, "percent_statements_covered_display": "100"}, "missing_lines": [], "excluded_lines": [], "start_line": 72}, "_classify_severity": {"executed_lines": [135, 136, 137, 138], "summary": {"covered_lines": 4, "num_statements": 4, "percent_covered": 100.0, "percent_covered_display": "100", "missing_lines": 0, "excluded_lines": 0, "percent_statements_covered": 100.0, "percent_statements_covered_display": "100"}, "missing_lines": [], "excluded_lines": [], "start_line": 133}, "AnomalyDetector.__init__": {"executed_lines": [145, 146], "summary": {"covered_lines": 2, "num_statements": 2, "percent_covered": 100.0, "percent_covered_display": "100", "missing_lines": 0, "excluded_lines": 0, "percent_statements_covered": 100.0, "percent_statements_covered_display": "100"}, "missing_lines": [], "excluded_lines": [], "start_line": 144}, "AnomalyDetector.detect": {"executed_lines": [155, 156, 158, 161, 162, 165, 168, 171, 173, 179], "summary": {"covered_lines": 10, "num_statements": 10, "percent_covered": 100.0, "percent_covered_display": "100", "missing_lines": 0, "excluded_lines": 0, "percent_statements_covered": 100.0, "percent_statements_covered_display": "100"}, "missing_lines": [], "excluded_lines": [], "start_line": 148}, "AnomalyDetector._detect_zscore_anomalies": {"executed_lines": [196, 198, 232, 233, 240, 241, 242, 243, 244, 245, 246, 248, 251, 254, 259, 275], "summary": {"covered_lines": 16, "num_statements": 20, "percent_covered": 80.0, "percent_covered_display": "80", "missing_lines": 4, "excluded_lines": 0, "percent_statements_covered": 80.0, "percent_statements_covered_display": "80"}, "missing_lines": [236, 237, 238, 252], "excluded_lines": [], "start_line": 181}, "AnomalyDetector._detect_constellations": {"executed_lines": [286, 287, 288, 290, 292, 294, 295, 297, 298, 299, 300, 301, 302, 305, 306, 307, 308, 311, 312, 313, 314, 315, 316, 317, 318, 319, 320, 321, 322, 324, 325, 328, 329, 330, 331, 332, 333, 334, 337, 338, 339, 341, 343, 353], "summary": {"covered_lines": 44, "num_statements": 44, "percent_covered": 100.0, "percent_covered_display": "100", "missing_lines": 0, "excluded_lines": 0, "percent_statements_covered": 100.0, "percent_statements_covered_display": "100"}, "missing_lines": [], "excluded_lines": [], "start_line": 277}, "AnomalyDetector._detect_degradations": {"executed_lines": [365, 366, 368, 371, 373, 374, 385, 386, 393, 394, 398, 399, 400, 402, 403, 405, 406, 407, 409, 410, 412, 413, 416, 417, 419, 422, 424, 425, 428, 429, 430, 432, 435, 437, 438, 443, 455], "summary": {"covered_lines": 37, "num_statements": 42, "percent_covered": 88.0952380952381, "percent_covered_display": "88", "missing_lines": 5, "excluded_lines": 0, "percent_statements_covered": 88.0952380952381, "percent_statements_covered_display": "88"}, "missing_lines": [387, 388, 391, 431, 433], "excluded_lines": [], "start_line": 355}, "format_anomaly_report": {"executed_lines": [460, 461, 463, 464, 465, 466, 469, 470, 471, 473, 478, 479, 480, 481, 483, 484, 486], "summary": {"covered_lines": 17, "num_statements": 20, "percent_covered": 85.0, "percent_covered_display": "85", "missing_lines": 3, "excluded_lines": 0, "percent_statements_covered": 85.0, "percent_statements_covered_display": "85"}, "missing_lines": [474, 475, 476], "excluded_lines": [], "start_line": 458}, "": {"executed_lines": [8, 10, 11, 13, 15, 17, 20, 21, 24, 25, 26, 27, 28, 29, 30, 31, 32, 33, 34, 37, 38, 41, 42, 43, 44, 45, 48, 49, 52, 53, 54, 55, 56, 57, 58, 61, 62, 65, 66, 67, 68, 69, 71, 72, 80, 92, 126, 133, 141, 144, 148, 181, 277, 355, 458], "summary": {"covered_lines": 55, "num_statements": 55, "percent_covered": 100.0, "percent_covered_display": "100", "missing_lines": 0, "excluded_lines": 0, "percent_statements_covered": 100.0, "percent_statements_covered_display": "100"}, "missing_lines": [], "excluded_lines": [], "start_line": 1}}, "classes": {"Anomaly": {"executed_lines": [], "summary": {"covered_lines": 0, "num_statements": 0, "percent_covered": 100.0, "percent_covered_display": "100", "missing_lines": 0, "excluded_lines": 0, "percent_statements_covered": 100.0, "percent_statements_covered_display": "100"}, "missing_lines": [], "excluded_lines": [], "start_line": 21}, "ConstellationPattern": {"executed_lines": [], "summary": {"covered_lines": 0, "num_statements": 0, "percent_covered": 100.0, "percent_covered_display": "100", "missing_lines": 0, "excluded_lines": 0, "percent_statements_covered": 100.0, "percent_statements_covered_display": "100"}, "missing_lines": [], "excluded_lines": [], "start_line": 38}, "TemporalDegradation": {"executed_lines": [], "summary": {"covered_lines": 0, "num_statements": 0, "percent_covered": 100.0, "percent_covered_display": "100", "missing_lines": 0, "excluded_lines": 0, "percent_statements_covered": 100.0, "percent_statements_covered_display": "100"}, "missing_lines": [], "excluded_lines": [], "start_line": 49}, "AnomalyReport": {"executed_lines": [73], "summary": {"covered_lines": 1, "num_statements": 1, "percent_covered": 100.0, "percent_covered_display": "100", "missing_lines": 0, "excluded_lines": 0, "percent_statements_covered": 100.0, "percent_statements_covered_display": "100"}, "missing_lines": [], "excluded_lines": [], "start_line": 62}, "AnomalyDetector": {"executed_lines": [145, 146, 155, 156, 158, 161, 162, 165, 168, 171, 173, 179, 196, 198, 232, 233, 240, 241, 242, 243, 244, 245, 246, 248, 251, 254, 259, 275, 286, 287, 288, 290, 292, 294, 295, 297, 298, 299, 300, 301, 302, 305, 306, 307, 308, 311, 312, 313, 314, 315, 316, 317, 318, 319, 320, 321, 322, 324, 325, 328, 329, 330, 331, 332, 333, 334, 337, 338, 339, 341, 343, 353, 365, 366, 368, 371, 373, 374, 385, 386, 393, 394, 398, 399, 400, 402, 403, 405, 406, 407, 409, 410, 412, 413, 416, 417, 419, 422, 424, 425, 428, 429, 430, 432, 435, 437, 438, 443, 455], "summary": {"covered_lines": 109, "num_statements": 118, "percent_covered": 92.37288135593221, "percent_covered_display": "92", "missing_lines": 9, "excluded_lines": 0, "percent_statements_covered": 92.37288135593221, "percent_statements_covered_display": "92"}, "missing_lines": [236, 237, 238, 252, 387, 388, 391, 431, 433], "excluded_lines": [], "start_line": 141}, "": {"executed_lines": [8, 10, 11, 13, 15, 17, 20, 21, 24, 25, 26, 27, 28, 29, 30, 31, 32, 33, 34, 37, 38, 41, 42, 43, 44, 45, 48, 49, 52, 53, 54, 55, 56, 57, 58, 61, 62, 65, 66, 67, 68, 69, 71, 72, 80, 92, 126, 133, 135, 136, 137, 138, 141, 144, 148, 181, 277, 355, 458, 460, 461, 463, 464, 465, 466, 469, 470, 471, 473, 478, 479, 480, 481, 483, 484, 486], "summary": {"covered_lines": 76, "num_statements": 79, "percent_covered": 96.20253164556962, "percent_covered_display": "96", "missing_lines": 3, "excluded_lines": 0, "percent_statements_covered": 96.20253164556962, "percent_statements_covered_display": "96"}, "missing_lines": [474, 475, 476], "excluded_lines": [], "start_line": 1}}}, "health_unified_platform/health_platform/ai/baseline_computer.py": {"executed_lines": [8, 10, 11, 12, 14, 15, 17, 24, 26, 27, 41, 72, 73, 79, 86, 167, 180, 181, 183, 184, 185, 186, 192, 193, 195, 205, 206, 211, 212, 219, 227, 240, 242, 243, 244, 245, 246, 249, 254, 255, 256, 257, 260, 261, 262, 263, 264, 266, 276, 278, 279, 286, 306, 308, 309, 310, 315, 317, 322, 323, 324, 325, 326, 327, 337], "summary": {"covered_lines": 65, "num_statements": 75, "percent_covered": 86.66666666666667, "percent_covered_display": "87", "missing_lines": 10, "excluded_lines": 0, "percent_statements_covered": 86.66666666666667, "percent_statements_covered_display": "87"}, "missing_lines": [187, 190, 208, 209, 247, 248, 250, 251, 252, 258], "excluded_lines": [], "functions": {"_ensure_profile_table": {"executed_lines": [26, 27], "summary": {"covered_lines": 2, "num_statements": 2, "percent_covered": 100.0, "percent_covered_display": "100", "missing_lines": 0, "excluded_lines": 0, "percent_statements_covered": 100.0, "percent_statements_covered_display": "100"}, "missing_lines": [], "excluded_lines": [], "start_line": 24}, "update_profile_entry": {"executed_lines": [72, 73, 79], "summary": {"covered_lines": 3, "num_statements": 3, "percent_covered": 100.0, "percent_covered_display": "100", "missing_lines": 0, "excluded_lines": 0, "percent_statements_covered": 100.0, "percent_statements_covered_display": "100"}, "missing_lines": [], "excluded_lines": [], "start_line": 41}, "compute_all_baselines": {"executed_lines": [180, 181, 183, 184, 185, 186, 192, 193, 195, 205, 206, 211, 212], "summary": {"covered_lines": 13, "num_statements": 17, "percent_covered": 76.47058823529412, "percent_covered_display": "76", "missing_lines": 4, "excluded_lines": 0, "percent_statements_covered": 76.47058823529412, "percent_statements_covered_display": "76"}, "missing_lines": [187, 190, 208, 209], "excluded_lines": [], "start_line": 167}, "compute_demographics": {"executed_lines": [240, 242, 243, 244, 245, 246, 249, 254, 255, 256, 257, 260, 261, 262, 263, 264, 266, 276, 278, 279], "summary": {"covered_lines": 20, "num_statements": 26, "percent_covered": 76.92307692307692, "percent_covered_display": "77", "missing_lines": 6, "excluded_lines": 0, "percent_statements_covered": 76.92307692307692, "percent_statements_covered_display": "77"}, "missing_lines": [247, 248, 250, 251, 252, 258], "excluded_lines": [], "start_line": 227}, "get_profile": {"executed_lines": [306, 308, 309, 310, 315, 317, 322, 323, 324, 325, 326, 327, 337], "summary": {"covered_lines": 13, "num_statements": 13, "percent_covered": 100.0, "percent_covered_display": "100", "missing_lines": 0, "excluded_lines": 0, "percent_statements_covered": 100.0, "percent_statements_covered_display": "100"}, "missing_lines": [], "excluded_lines": [], "start_line": 286}, "": {"executed_lines": [8, 10, 11, 12, 14, 15, 17, 24, 41, 86, 167, 219, 227, 286], "summary": {"covered_lines": 14, "num_statements": 14, "percent_covered": 100.0, "percent_covered_display": "100", "missing_lines": 0, "excluded_lines": 0, "percent_statements_covered": 100.0, "percent_statements_covered_display": "100"}, "missing_lines": [], "excluded_lines": [], "start_line": 1}}, "classes": {"": {"executed_lines": [8, 10, 11, 12, 14, 15, 17, 24, 26, 27, 41, 72, 73, 79, 86, 167, 180, 181, 183, 184, 185, 186, 192, 193, 195, 205, 206, 211, 212, 219, 227, 240, 242, 243, 244, 245, 246, 249, 254, 255, 256, 257, 260, 261, 262, 263, 264, 266, 276, 278, 279, 286, 306, 308, 309, 310, 315, 317, 322, 323, 324, 325, 326, 327, 337], "summary": {"covered_lines": 65, "num_statements": 75, "percent_covered": 86.66666666666667, "percent_covered_display": "87", "missing_lines": 10, "excluded_lines": 0, "percent_statements_covered": 86.66666666666667, "percent_statements_covered_display": "87"}, "missing_lines": [187, 190, 208, 209, 247, 248, 250, 251, 252, 258], "excluded_lines": [], "start_line": 1}}}, "health_unified_platform/health_platform/ai/correlation_engine.py": {"executed_lines": [8, 10, 11, 13, 14, 16, 24, 36, 54, 55, 60, 63, 65, 66, 68, 72, 73, 76, 78, 79, 80, 81, 82, 83, 86, 89, 91, 92, 93, 94, 95, 103, 131, 132, 134, 135, 138, 139, 141, 142, 143, 145, 157, 158, 159, 160, 167, 177, 194, 195, 197, 207, 217, 220, 232, 233, 239, 250, 301, 303, 304, 323, 336, 337, 339, 340, 341, 342, 343, 344, 363, 368, 371, 373, 399, 426, 427, 428, 429, 432, 437, 454], "summary": {"covered_lines": 82, "num_statements": 87, "percent_covered": 94.25287356321839, "percent_covered_display": "94", "missing_lines": 5, "excluded_lines": 0, "percent_statements_covered": 94.25287356321839, "percent_statements_covered_display": "94"}, "missing_lines": [56, 84, 178, 184, 355], "excluded_lines": [], "functions": {"_parse_metric": {"executed_lines": [54, 55, 60], "summary": {"covered_lines": 3, "num_statements": 4, "percent_covered": 75.0, "percent_covered_display": "75", "missing_lines": 1, "excluded_lines": 0, "percent_statements_covered": 75.0, "percent_statements_covered_display": "75"}, "missing_lines": [56], "excluded_lines": [], "start_line": 36}, "_get_date_expr": {"executed_lines": [65, 66, 68, 72, 73], "summary": {"covered_lines": 5, "num_statements": 5, "percent_covered": 100.0, "percent_covered_display": "100", "missing_lines": 0, "excluded_lines": 0, "percent_statements_covered": 100.0, "percent_statements_covered_display": "100"}, "missing_lines": [], "excluded_lines": [], "start_line": 63}, "_interpret_strength": {"executed_lines": [78, 79, 80, 81, 82, 83, 86], "summary": {"covered_lines": 7, "num_statements": 8, "percent_covered": 87.5, "percent_covered_display": "88", "missing_lines": 1, "excluded_lines": 0, "percent_statements_covered": 87.5, "percent_statements_covered_display": "88"}, "missing_lines": [84], "excluded_lines": [], "start_line": 76}, "_interpret_direction": {"executed_lines": [91, 92, 93, 94, 95], "summary": {"covered_lines": 5, "num_statements": 5, "percent_covered": 100.0, "percent_covered_display": "100", "missing_lines": 0, "excluded_lines": 0, "percent_statements_covered": 100.0, "percent_statements_covered_display": "100"}, "missing_lines": [], "excluded_lines": [], "start_line": 89}, "compute_correlation": {"executed_lines": [131, 132, 134, 135, 138, 139, 141, 142, 143, 145, 157, 158, 159, 160, 167, 177, 194, 195, 197, 207, 217], "summary": {"covered_lines": 21, "num_statements": 23, "percent_covered": 91.30434782608695, "percent_covered_display": "91", "missing_lines": 2, "excluded_lines": 0, "percent_statements_covered": 91.30434782608695, "percent_statements_covered_display": "91"}, "missing_lines": [178, 184], "excluded_lines": [], "start_line": 103}, "_build_daily_subquery": {"executed_lines": [232, 233, 239], "summary": {"covered_lines": 3, "num_statements": 3, "percent_covered": 100.0, "percent_covered_display": "100", "missing_lines": 0, "excluded_lines": 0, "percent_statements_covered": 100.0, "percent_statements_covered_display": "100"}, "missing_lines": [], "excluded_lines": [], "start_line": 220}, "_ensure_relationships_table": {"executed_lines": [303, 304], "summary": {"covered_lines": 2, "num_statements": 2, "percent_covered": 100.0, "percent_covered_display": "100", "missing_lines": 0, "excluded_lines": 0, "percent_statements_covered": 100.0, "percent_statements_covered_display": "100"}, "missing_lines": [], "excluded_lines": [], "start_line": 301}, "compute_all_correlations": {"executed_lines": [336, 337, 339, 340, 341, 342, 343, 344, 363, 368], "summary": {"covered_lines": 10, "num_statements": 11, "percent_covered": 90.9090909090909, "percent_covered_display": "91", "missing_lines": 1, "excluded_lines": 0, "percent_statements_covered": 90.9090909090909, "percent_statements_covered_display": "91"}, "missing_lines": [355], "excluded_lines": [], "start_line": 323}, "_upsert_relationship": {"executed_lines": [373], "summary": {"covered_lines": 1, "num_statements": 1, "percent_covered": 100.0, "percent_covered_display": "100", "missing_lines": 0, "excluded_lines": 0, "percent_statements_covered": 100.0, "percent_statements_covered_display": "100"}, "missing_lines": [], "excluded_lines": [], "start_line": 371}, "discover_correlations": {"executed_lines": [426, 427, 428, 429, 432, 437, 454], "summary": {"covered_lines": 7, "num_statements": 7, "percent_covered": 100.0, "percent_covered_display": "100", "missing_lines": 0, "excluded_lines": 0, "percent_statements_covered": 100.0, "percent_statements_covered_display": "100"}, "missing_lines": [], "excluded_lines": [], "start_line": 399}, "": {"executed_lines": [8, 10, 11, 13, 14, 16, 24, 36, 63, 76, 89, 103, 220, 250, 301, 323, 371, 399], "summary": {"covered_lines": 18, "num_statements": 18, "percent_covered": 100.0, "percent_covered_display": "100", "missing_lines": 0, "excluded_lines": 0, "percent_statements_covered": 100.0, "percent_statements_covered_display": "100"}, "missing_lines": [], "excluded_lines": [], "start_line": 1}}, "classes": {"": {"executed_lines": [8, 10, 11, 13, 14, 16, 24, 36, 54, 55, 60, 63, 65, 66, 68, 72, 73, 76, 78, 79, 80, 81, 82, 83, 86, 89, 91, 92, 93, 94, 95, 103, 131, 132, 134, 135, 138, 139, 141, 142, 143, 145, 157, 158, 159, 160, 167, 177, 194, 195, 197, 207, 217, 220, 232, 233, 239, 250, 301, 303, 304, 323, 336, 337, 339, 340, 341, 342, 343, 344, 363, 368, 371, 373, 399, 426, 427, 428, 429, 432, 437, 454], "summary": {"covered_lines": 82, "num_statements": 87, "percent_covered": 94.25287356321839, "percent_covered_display": "94", "missing_lines": 5, "excluded_lines": 0, "percent_statements_covered": 94.25287356321839, "percent_statements_covered_display": "94"}, "missing_lines": [56, 84, 178, 184, 355], "excluded_lines": [], "start_line": 1}}}, "health_unified_platform/health_platform/ai/embedding_engine.py": {"executed_lines": [], "summary": {"covered_lines": 0, "num_statements": 100, "percent_covered": 0.0, "percent_covered_display": "0", "missing_lines": 100, "excluded_lines": 0, "percent_statements_covered": 0.0, "percent_statements_covered_display": "0"}, "missing_lines": [11, 13, 14, 15, 17, 18, 20, 22, 23, 24, 25, 27, 28, 29, 30, 38, 51, 52, 53, 54, 55, 56, 57, 58, 66, 76, 77, 78, 80, 82, 83, 84, 85, 89, 90, 91, 93, 106, 107, 108, 110, 123, 124, 125, 127, 140, 141, 150, 151, 152, 154, 155, 156, 158, 160, 161, 163, 164, 165, 166, 174, 175, 176, 178, 179, 181, 194, 195, 204, 205, 206, 208, 209, 210, 212, 214, 215, 217, 218, 219, 220, 228, 229, 230, 236, 237, 239, 267, 270, 271, 272, 276, 287, 288, 289, 290, 291, 292, 293, 294], "excluded_lines": [], "functions": {"ensure_vss_extension": {"executed_lines": [], "summary": {"covered_lines": 0, "num_statements": 8, "percent_covered": 0.0, "percent_covered_display": "0", "missing_lines": 8, "excluded_lines": 0, "percent_statements_covered": 0.0, "percent_statements_covered_display": "0"}, "missing_lines": [51, 52, 53, 54, 55, 56, 57, 58], "excluded_lines": [], "start_line": 38}, "EmbeddingEngine.__init__": {"executed_lines": [], "summary": {"covered_lines": 0, "num_statements": 2, "percent_covered": 0.0, "percent_covered_display": "0", "missing_lines": 2, "excluded_lines": 0, "percent_statements_covered": 0.0, "percent_statements_covered_display": "0"}, "missing_lines": [77, 78], "excluded_lines": [], "start_line": 76}, "EmbeddingEngine._ensure_model": {"executed_lines": [], "summary": {"covered_lines": 0, "num_statements": 7, "percent_covered": 0.0, "percent_covered_display": "0", "missing_lines": 7, "excluded_lines": 0, "percent_statements_covered": 0.0, "percent_statements_covered_display": "0"}, "missing_lines": [82, 83, 84, 85, 89, 90, 91], "excluded_lines": [], "start_line": 80}, "EmbeddingEngine.embed_text": {"executed_lines": [], "summary": {"covered_lines": 0, "num_statements": 3, "percent_covered": 0.0, "percent_covered_display": "0", "missing_lines": 3, "excluded_lines": 0, "percent_statements_covered": 0.0, "percent_statements_covered_display": "0"}, "missing_lines": [106, 107, 108], "excluded_lines": [], "start_line": 93}, "EmbeddingEngine.embed_texts": {"executed_lines": [], "summary": {"covered_lines": 0, "num_statements": 3, "percent_covered": 0.0, "percent_covered_display": "0", "missing_lines": 3, "excluded_lines": 0, "percent_statements_covered": 0.0, "percent_statements_covered_display": "0"}, "missing_lines": [123, 124, 125], "excluded_lines": [], "start_line": 110}, "EmbeddingEngine.backfill_daily_summaries": {"executed_lines": [], "summary": {"covered_lines": 0, "num_statements": 20, "percent_covered": 0.0, "percent_covered_display": "0", "missing_lines": 20, "excluded_lines": 0, "percent_statements_covered": 0.0, "percent_statements_covered_display": "0"}, "missing_lines": [140, 141, 150, 151, 152, 154, 155, 156, 158, 160, 161, 163, 164, 165, 166, 174, 175, 176, 178, 179], "excluded_lines": [], "start_line": 127}, "EmbeddingEngine.backfill_knowledge_base": {"executed_lines": [], "summary": {"covered_lines": 0, "num_statements": 20, "percent_covered": 0.0, "percent_covered_display": "0", "missing_lines": 20, "excluded_lines": 0, "percent_statements_covered": 0.0, "percent_statements_covered_display": "0"}, "missing_lines": [194, 195, 204, 205, 206, 208, 209, 210, 212, 214, 215, 217, 218, 219, 220, 228, 229, 230, 236, 237], "excluded_lines": [], "start_line": 181}, "EmbeddingEngine.search_similar": {"executed_lines": [], "summary": {"covered_lines": 0, "num_statements": 13, "percent_covered": 0.0, "percent_covered_display": "0", "missing_lines": 13, "excluded_lines": 0, "percent_statements_covered": 0.0, "percent_statements_covered_display": "0"}, "missing_lines": [267, 270, 271, 272, 276, 287, 288, 289, 290, 291, 292, 293, 294], "excluded_lines": [], "start_line": 239}, "": {"executed_lines": [], "summary": {"covered_lines": 0, "num_statements": 24, "percent_covered": 0.0, "percent_covered_display": "0", "missing_lines": 24, "excluded_lines": 0, "percent_statements_covered": 0.0, "percent_statements_covered_display": "0"}, "missing_lines": [11, 13, 14, 15, 17, 18, 20, 22, 23, 24, 25, 27, 28, 29, 30, 38, 66, 76, 80, 93, 110, 127, 181, 239], "excluded_lines": [], "start_line": 1}}, "classes": {"EmbeddingEngine": {"executed_lines": [], "summary": {"covered_lines": 0, "num_statements": 68, "percent_covered": 0.0, "percent_covered_display": "0", "missing_lines": 68, "excluded_lines": 0, "percent_statements_covered": 0.0, "percent_statements_covered_display": "0"}, "missing_lines": [77, 78, 82, 83, 84, 85, 89, 90, 91, 106, 107, 108, 123, 124, 125, 140, 141, 150, 151, 152, 154, 155, 156, 158, 160, 161, 163, 164, 165, 166, 174, 175, 176, 178, 179, 194, 195, 204, 205, 206, 208, 209, 210, 212, 214, 215, 217, 218, 219, 220, 228, 229, 230, 236, 237, 267, 270, 271, 272, 276, 287, 288, 289, 290, 291, 292, 293, 294], "excluded_lines": [], "start_line": 66}, "": {"executed_lines": [], "summary": {"covered_lines": 0, "num_statements": 32, "percent_covered": 0.0, "percent_covered_display": "0", "missing_lines": 32, "excluded_lines": 0, "percent_statements_covered": 0.0, "percent_statements_covered_display": "0"}, "missing_lines": [11, 13, 14, 15, 17, 18, 20, 22, 23, 24, 25, 27, 28, 29, 30, 38, 51, 52, 53, 54, 55, 56, 57, 58, 66, 76, 80, 93, 110, 127, 181, 239], "excluded_lines": [], "start_line": 1}}}, "health_unified_platform/health_platform/ai/notification_manager.py": {"executed_lines": [7, 9, 10, 12, 13, 15, 18, 27, 30, 39, 44, 45, 47, 52, 53, 54, 56, 59, 60, 66, 69, 70, 71, 72, 78, 81, 90, 91, 93, 101, 102, 103, 105, 106, 110, 111, 113, 114, 120, 121, 122, 123, 126, 127, 128], "summary": {"covered_lines": 45, "num_statements": 50, "percent_covered": 90.0, "percent_covered_display": "90", "missing_lines": 5, "excluded_lines": 0, "percent_statements_covered": 90.0, "percent_statements_covered_display": "90"}, "missing_lines": [40, 82, 88, 124, 125], "excluded_lines": [], "functions": {"NotificationManager.__init__": {"executed_lines": [39, 44, 45], "summary": {"covered_lines": 3, "num_statements": 4, "percent_covered": 75.0, "percent_covered_display": "75", "missing_lines": 1, "excluded_lines": 0, "percent_statements_covered": 75.0, "percent_statements_covered_display": "75"}, "missing_lines": [40], "excluded_lines": [], "start_line": 30}, "NotificationManager.notify_anomaly_report": {"executed_lines": [52, 53, 54, 56, 59, 60, 66, 69, 70, 71, 72, 78, 81, 90, 91], "summary": {"covered_lines": 15, "num_statements": 17, "percent_covered": 88.23529411764706, "percent_covered_display": "88", "missing_lines": 2, "excluded_lines": 0, "percent_statements_covered": 88.23529411764706, "percent_statements_covered_display": "88"}, "missing_lines": [82, 88], "excluded_lines": [], "start_line": 47}, "NotificationManager._send": {"executed_lines": [101, 102, 103, 105, 106, 110, 111, 113, 114, 120, 121, 122, 123, 126, 127, 128], "summary": {"covered_lines": 16, "num_statements": 18, "percent_covered": 88.88888888888889, "percent_covered_display": "89", "missing_lines": 2, "excluded_lines": 0, "percent_statements_covered": 88.88888888888889, "percent_statements_covered_display": "89"}, "missing_lines": [124, 125], "excluded_lines": [], "start_line": 93}, "": {"executed_lines": [7, 9, 10, 12, 13, 15, 18, 27, 30, 47, 93], "summary": {"covered_lines": 11, "num_statements": 11, "percent_covered": 100.0, "percent_covered_display": "100", "missing_lines": 0, "excluded_lines": 0, "percent_statements_covered": 100.0, "percent_statements_covered_display": "100"}, "missing_lines": [], "excluded_lines": [], "start_line": 1}}, "classes": {"NotificationManager": {"executed_lines": [39, 44, 45, 52, 53, 54, 56, 59, 60, 66, 69, 70, 71, 72, 78, 81, 90, 91, 101, 102, 103, 105, 106, 110, 111, 113, 114, 120, 121, 122, 123, 126, 127, 128], "summary": {"covered_lines": 34, "num_statements": 39, "percent_covered": 87.17948717948718, "percent_covered_display": "87", "missing_lines": 5, "excluded_lines": 0, "percent_statements_covered": 87.17948717948718, "percent_statements_covered_display": "87"}, "missing_lines": [40, 82, 88, 124, 125], "excluded_lines": [], "start_line": 27}, "": {"executed_lines": [7, 9, 10, 12, 13, 15, 18, 27, 30, 47, 93], "summary": {"covered_lines": 11, "num_statements": 11, "percent_covered": 100.0, "percent_covered_display": "100", "missing_lines": 0, "excluded_lines": 0, "percent_statements_covered": 100.0, "percent_statements_covered_display": "100"}, "missing_lines": [], "excluded_lines": [], "start_line": 1}}}, "health_unified_platform/health_platform/ai/recommendation_engine.py": {"executed_lines": [11, 13, 14, 15, 17, 18, 20, 23, 24, 27, 28, 29, 30, 31, 32, 33, 34, 37, 40, 41, 43, 45, 48, 49, 50, 51, 52, 55, 56, 58, 60, 62, 65, 66, 68, 69, 89, 90, 106, 108, 110, 112, 114, 115, 131, 132, 152, 154, 156, 158, 160, 161, 176, 178, 180, 182, 183, 185, 186, 187, 188, 211, 213, 215, 218, 219, 232, 233, 234, 235, 253, 257, 259, 260, 268, 272, 274, 275, 283, 288, 290, 291, 293, 294, 295, 298, 299, 300, 301, 303, 307], "summary": {"covered_lines": 91, "num_statements": 99, "percent_covered": 91.91919191919192, "percent_covered_display": "92", "missing_lines": 8, "excluded_lines": 0, "percent_statements_covered": 91.91919191919192, "percent_statements_covered_display": "92"}, "missing_lines": [91, 133, 250, 251, 269, 270, 284, 285], "excluded_lines": [], "functions": {"RecommendationEngine.__init__": {"executed_lines": [41], "summary": {"covered_lines": 1, "num_statements": 1, "percent_covered": 100.0, "percent_covered_display": "100", "missing_lines": 0, "excluded_lines": 0, "percent_statements_covered": 100.0, "percent_statements_covered_display": "100"}, "missing_lines": [], "excluded_lines": [], "start_line": 40}, "RecommendationEngine.get_recommendations": {"executed_lines": [45, 48, 49, 50, 51, 52, 55, 56, 58], "summary": {"covered_lines": 9, "num_statements": 9, "percent_covered": 100.0, "percent_covered_display": "100", "missing_lines": 0, "excluded_lines": 0, "percent_statements_covered": 100.0, "percent_statements_covered_display": "100"}, "missing_lines": [], "excluded_lines": [], "start_line": 43}, "RecommendationEngine._check_sleep_patterns": {"executed_lines": [62, 65, 66, 68, 69, 89, 90, 106], "summary": {"covered_lines": 8, "num_statements": 9, "percent_covered": 88.88888888888889, "percent_covered_display": "89", "missing_lines": 1, "excluded_lines": 0, "percent_statements_covered": 88.88888888888889, "percent_statements_covered_display": "89"}, "missing_lines": [91], "excluded_lines": [], "start_line": 60}, "RecommendationEngine._check_activity_patterns": {"executed_lines": [110, 112, 114, 115, 131, 132, 152], "summary": {"covered_lines": 7, "num_statements": 8, "percent_covered": 87.5, "percent_covered_display": "88", "missing_lines": 1, "excluded_lines": 0, "percent_statements_covered": 87.5, "percent_statements_covered_display": "88"}, "missing_lines": [133], "excluded_lines": [], "start_line": 108}, "RecommendationEngine._check_recovery_patterns": {"executed_lines": [156, 158, 160, 161, 176], "summary": {"covered_lines": 5, "num_statements": 5, "percent_covered": 100.0, "percent_covered_display": "100", "missing_lines": 0, "excluded_lines": 0, "percent_statements_covered": 100.0, "percent_statements_covered_display": "100"}, "missing_lines": [], "excluded_lines": [], "start_line": 154}, "RecommendationEngine._check_stress_patterns": {"executed_lines": [180, 182, 183, 185, 186, 187, 188, 211], "summary": {"covered_lines": 8, "num_statements": 8, "percent_covered": 100.0, "percent_covered_display": "100", "missing_lines": 0, "excluded_lines": 0, "percent_statements_covered": 100.0, "percent_statements_covered_display": "100"}, "missing_lines": [], "excluded_lines": [], "start_line": 178}, "RecommendationEngine._check_weight_patterns": {"executed_lines": [215, 218, 219, 232, 233, 234, 235, 253], "summary": {"covered_lines": 8, "num_statements": 10, "percent_covered": 80.0, "percent_covered_display": "80", "missing_lines": 2, "excluded_lines": 0, "percent_statements_covered": 80.0, "percent_statements_covered_display": "80"}, "missing_lines": [250, 251], "excluded_lines": [], "start_line": 213}, "RecommendationEngine._get_avg": {"executed_lines": [259, 260, 268], "summary": {"covered_lines": 3, "num_statements": 5, "percent_covered": 60.0, "percent_covered_display": "60", "missing_lines": 2, "excluded_lines": 0, "percent_statements_covered": 60.0, "percent_statements_covered_display": "60"}, "missing_lines": [269, 270], "excluded_lines": [], "start_line": 257}, "RecommendationEngine._get_stddev": {"executed_lines": [274, 275, 283], "summary": {"covered_lines": 3, "num_statements": 5, "percent_covered": 60.0, "percent_covered_display": "60", "missing_lines": 2, "excluded_lines": 0, "percent_statements_covered": 60.0, "percent_statements_covered_display": "60"}, "missing_lines": [284, 285], "excluded_lines": [], "start_line": 272}, "format_recommendations": {"executed_lines": [290, 291, 293, 294, 295, 298, 299, 300, 301, 303, 307], "summary": {"covered_lines": 11, "num_statements": 11, "percent_covered": 100.0, "percent_covered_display": "100", "missing_lines": 0, "excluded_lines": 0, "percent_statements_covered": 100.0, "percent_statements_covered_display": "100"}, "missing_lines": [], "excluded_lines": [], "start_line": 288}, "": {"executed_lines": [11, 13, 14, 15, 17, 18, 20, 23, 24, 27, 28, 29, 30, 31, 32, 33, 34, 37, 40, 43, 60, 108, 154, 178, 213, 257, 272, 288], "summary": {"covered_lines": 28, "num_statements": 28, "percent_covered": 100.0, "percent_covered_display": "100", "missing_lines": 0, "excluded_lines": 0, "percent_statements_covered": 100.0, "percent_statements_covered_display": "100"}, "missing_lines": [], "excluded_lines": [], "start_line": 1}}, "classes": {"Recommendation": {"executed_lines": [], "summary": {"covered_lines": 0, "num_statements": 0, "percent_covered": 100.0, "percent_covered_display": "100", "missing_lines": 0, "excluded_lines": 0, "percent_statements_covered": 100.0, "percent_statements_covered_display": "100"}, "missing_lines": [], "excluded_lines": [], "start_line": 24}, "RecommendationEngine": {"executed_lines": [41, 45, 48, 49, 50, 51, 52, 55, 56, 58, 62, 65, 66, 68, 69, 89, 90, 106, 110, 112, 114, 115, 131, 132, 152, 156, 158, 160, 161, 176, 180, 182, 183, 185, 186, 187, 188, 211, 215, 218, 219, 232, 233, 234, 235, 253, 259, 260, 268, 274, 275, 283], "summary": {"covered_lines": 52, "num_statements": 60, "percent_covered": 86.66666666666667, "percent_covered_display": "87", "missing_lines": 8, "excluded_lines": 0, "percent_statements_covered": 86.66666666666667, "percent_statements_covered_display": "87"}, "missing_lines": [91, 133, 250, 251, 269, 270, 284, 285], "excluded_lines": [], "start_line": 37}, "": {"executed_lines": [11, 13, 14, 15, 17, 18, 20, 23, 24, 27, 28, 29, 30, 31, 32, 33, 34, 37, 40, 43, 60, 108, 154, 178, 213, 257, 272, 288, 290, 291, 293, 294, 295, 298, 299, 300, 301, 303, 307], "summary": {"covered_lines": 39, "num_statements": 39, "percent_covered": 100.0, "percent_covered_display": "100", "missing_lines": 0, "excluded_lines": 0, "percent_statements_covered": 100.0, "percent_statements_covered_display": "100"}, "missing_lines": [], "excluded_lines": [], "start_line": 1}}}, "health_unified_platform/health_platform/ai/text_generator.py": {"executed_lines": [9, 11, 12, 13, 15, 16, 18, 25, 27, 29, 30, 31, 32, 33, 34, 39, 41, 43, 44, 52, 62, 64, 65, 66, 92, 93, 94, 95, 96, 97, 98, 99, 100, 101, 104, 111, 130, 133, 134, 135, 136, 137, 138, 139, 141, 142, 146, 147, 148, 149, 150, 153, 154, 155, 156, 157, 158, 159, 160, 161, 162, 163, 164, 165, 168, 169, 170, 171, 172, 175, 176, 177, 178, 182, 183, 184, 185, 186, 189, 190, 191, 193, 196, 197, 198, 200, 202, 203, 204, 211, 213, 214, 217, 218, 219, 220, 221, 227, 229, 235, 236, 237, 246, 267, 282, 284, 285, 286, 287, 288, 289, 290, 293, 295, 298, 301, 327, 329, 330, 348, 350, 370, 372, 373], "summary": {"covered_lines": 124, "num_statements": 153, "percent_covered": 81.04575163398692, "percent_covered_display": "81", "missing_lines": 29, "excluded_lines": 0, "percent_statements_covered": 81.04575163398692, "percent_statements_covered_display": "81"}, "missing_lines": [28, 36, 42, 45, 140, 143, 179, 222, 223, 224, 238, 239, 268, 269, 272, 273, 274, 275, 276, 277, 278, 279, 291, 292, 316, 317, 318, 319, 320], "excluded_lines": [], "functions": {"_interpret_score": {"executed_lines": [27, 29, 30, 31, 32, 33, 34], "summary": {"covered_lines": 7, "num_statements": 9, "percent_covered": 77.77777777777777, "percent_covered_display": "78", "missing_lines": 2, "excluded_lines": 0, "percent_statements_covered": 77.77777777777777, "percent_statements_covered_display": "78"}, "missing_lines": [28, 36], "excluded_lines": [], "start_line": 25}, "_format_number": {"executed_lines": [41, 43, 44], "summary": {"covered_lines": 3, "num_statements": 5, "percent_covered": 60.0, "percent_covered_display": "60", "missing_lines": 2, "excluded_lines": 0, "percent_statements_covered": 60.0, "percent_statements_covered_display": "60"}, "missing_lines": [42, 45], "excluded_lines": [], "start_line": 39}, "_detect_anomalies": {"executed_lines": [64, 65, 66, 92, 93, 94, 95, 96, 97, 98, 99, 100, 101, 104], "summary": {"covered_lines": 14, "num_statements": 14, "percent_covered": 100.0, "percent_covered_display": "100", "missing_lines": 0, "excluded_lines": 0, "percent_statements_covered": 100.0, "percent_statements_covered_display": "100"}, "missing_lines": [], "excluded_lines": [], "start_line": 62}, "generate_daily_summary": {"executed_lines": [130, 133, 134, 135, 136, 137, 138, 139, 141, 142, 146, 147, 148, 149, 150, 153, 154, 155, 156, 157, 158, 159, 160, 161, 162, 163, 164, 165, 168, 169, 170, 171, 172, 175, 176, 177, 178, 182, 183, 184, 185, 186, 189, 190, 191, 193, 196, 197, 198, 200, 202, 203, 204], "summary": {"covered_lines": 53, "num_statements": 56, "percent_covered": 94.64285714285714, "percent_covered_display": "95", "missing_lines": 3, "excluded_lines": 0, "percent_statements_covered": 94.64285714285714, "percent_statements_covered_display": "95"}, "missing_lines": [140, 143, 179], "excluded_lines": [], "start_line": 111}, "_query_row": {"executed_lines": [213, 214, 217, 218, 219, 220, 221], "summary": {"covered_lines": 7, "num_statements": 10, "percent_covered": 70.0, "percent_covered_display": "70", "missing_lines": 3, "excluded_lines": 0, "percent_statements_covered": 70.0, "percent_statements_covered_display": "70"}, "missing_lines": [222, 223, 224], "excluded_lines": [], "start_line": 211}, "_query_resting_hr": {"executed_lines": [229, 235, 236, 237], "summary": {"covered_lines": 4, "num_statements": 6, "percent_covered": 66.66666666666667, "percent_covered_display": "67", "missing_lines": 2, "excluded_lines": 0, "percent_statements_covered": 66.66666666666667, "percent_statements_covered_display": "67"}, "missing_lines": [238, 239], "excluded_lines": [], "start_line": 227}, "backfill_summaries": {"executed_lines": [267, 282, 284, 285, 286, 287, 288, 289, 290, 293, 295, 298], "summary": {"covered_lines": 12, "num_statements": 24, "percent_covered": 50.0, "percent_covered_display": "50", "missing_lines": 12, "excluded_lines": 0, "percent_statements_covered": 50.0, "percent_statements_covered_display": "50"}, "missing_lines": [268, 269, 272, 273, 274, 275, 276, 277, 278, 279, 291, 292], "excluded_lines": [], "start_line": 246}, "generate_summary_for_pipeline": {"executed_lines": [], "summary": {"covered_lines": 0, "num_statements": 5, "percent_covered": 0.0, "percent_covered_display": "0", "missing_lines": 5, "excluded_lines": 0, "percent_statements_covered": 0.0, "percent_statements_covered_display": "0"}, "missing_lines": [316, 317, 318, 319, 320], "excluded_lines": [], "start_line": 301}, "_ensure_summary_table": {"executed_lines": [329, 330], "summary": {"covered_lines": 2, "num_statements": 2, "percent_covered": 100.0, "percent_covered_display": "100", "missing_lines": 0, "excluded_lines": 0, "percent_statements_covered": 100.0, "percent_statements_covered_display": "100"}, "missing_lines": [], "excluded_lines": [], "start_line": 327}, "_upsert_summary": {"executed_lines": [350], "summary": {"covered_lines": 1, "num_statements": 1, "percent_covered": 100.0, "percent_covered_display": "100", "missing_lines": 0, "excluded_lines": 0, "percent_statements_covered": 100.0, "percent_statements_covered_display": "100"}, "missing_lines": [], "excluded_lines": [], "start_line": 348}, "_next_day": {"executed_lines": [372, 373], "summary": {"covered_lines": 2, "num_statements": 2, "percent_covered": 100.0, "percent_covered_display": "100", "missing_lines": 0, "excluded_lines": 0, "percent_statements_covered": 100.0, "percent_statements_covered_display": "100"}, "missing_lines": [], "excluded_lines": [], "start_line": 370}, "": {"executed_lines": [9, 11, 12, 13, 15, 16, 18, 25, 39, 52, 62, 111, 211, 227, 246, 301, 327, 348, 370], "summary": {"covered_lines": 19, "num_statements": 19, "percent_covered": 100.0, "percent_covered_display": "100", "missing_lines": 0, "excluded_lines": 0, "percent_statements_covered": 100.0, "percent_statements_covered_display": "100"}, "missing_lines": [], "excluded_lines": [], "start_line": 1}}, "classes": {"": {"executed_lines": [9, 11, 12, 13, 15, 16, 18, 25, 27, 29, 30, 31, 32, 33, 34, 39, 41, 43, 44, 52, 62, 64, 65, 66, 92, 93, 94, 95, 96, 97, 98, 99, 100, 101, 104, 111, 130, 133, 134, 135, 136, 137, 138, 139, 141, 142, 146, 147, 148, 149, 150, 153, 154, 155, 156, 157, 158, 159, 160, 161, 162, 163, 164, 165, 168, 169, 170, 171, 172, 175, 176, 177, 178, 182, 183, 184, 185, 186, 189, 190, 191, 193, 196, 197, 198, 200, 202, 203, 204, 211, 213, 214, 217, 218, 219, 220, 221, 227, 229, 235, 236, 237, 246, 267, 282, 284, 285, 286, 287, 288, 289, 290, 293, 295, 298, 301, 327, 329, 330, 348, 350, 370, 372, 373], "summary": {"covered_lines": 124, "num_statements": 153, "percent_covered": 81.04575163398692, "percent_covered_display": "81", "missing_lines": 29, "excluded_lines": 0, "percent_statements_covered": 81.04575163398692, "percent_statements_covered_display": "81"}, "missing_lines": [28, 36, 42, 45, 140, 143, 179, 222, 223, 224, 238, 239, 268, 269, 272, 273, 274, 275, 276, 277, 278, 279, 291, 292, 316, 317, 318, 319, 320], "excluded_lines": [], "start_line": 1}}}, "health_unified_platform/health_platform/ai/trend_forecaster.py": {"executed_lines": [7, 9, 10, 11, 12, 14, 15, 17, 20, 21, 24, 25, 26, 27, 28, 29, 30, 31, 34, 42, 45, 46, 48, 63, 64, 67, 76, 77, 78, 79, 80, 81, 83, 84, 85, 88, 106, 107, 112, 115, 118, 121, 122, 123, 124, 125, 126, 129, 130, 131, 132, 133, 134, 137, 139, 141, 148, 159, 160, 172, 174, 175, 176, 177, 180, 182, 183, 184, 185, 186, 188], "summary": {"covered_lines": 71, "num_statements": 76, "percent_covered": 93.42105263157895, "percent_covered_display": "93", "missing_lines": 5, "excluded_lines": 0, "percent_statements_covered": 93.42105263157895, "percent_statements_covered_display": "93"}, "missing_lines": [108, 109, 110, 113, 135], "excluded_lines": [], "functions": {"TrendForecaster.__init__": {"executed_lines": [46], "summary": {"covered_lines": 1, "num_statements": 1, "percent_covered": 100.0, "percent_covered_display": "100", "missing_lines": 0, "excluded_lines": 0, "percent_statements_covered": 100.0, "percent_statements_covered_display": "100"}, "missing_lines": [], "excluded_lines": [], "start_line": 45}, "TrendForecaster.forecast_metric": {"executed_lines": [63, 64, 67, 76, 77, 78, 79, 80, 81, 83, 84, 85, 88, 106, 107, 112, 115, 118, 121, 122, 123, 124, 125, 126, 129, 130, 131, 132, 133, 134, 137, 139, 141, 148], "summary": {"covered_lines": 34, "num_statements": 39, "percent_covered": 87.17948717948718, "percent_covered_display": "87", "missing_lines": 5, "excluded_lines": 0, "percent_statements_covered": 87.17948717948718, "percent_statements_covered_display": "87"}, "missing_lines": [108, 109, 110, 113, 135], "excluded_lines": [], "start_line": 48}, "TrendForecaster._empty_forecast": {"executed_lines": [160], "summary": {"covered_lines": 1, "num_statements": 1, "percent_covered": 100.0, "percent_covered_display": "100", "missing_lines": 0, "excluded_lines": 0, "percent_statements_covered": 100.0, "percent_statements_covered_display": "100"}, "missing_lines": [], "excluded_lines": [], "start_line": 159}, "format_forecast": {"executed_lines": [174, 175, 176, 177, 180, 182, 183, 184, 185, 186, 188], "summary": {"covered_lines": 11, "num_statements": 11, "percent_covered": 100.0, "percent_covered_display": "100", "missing_lines": 0, "excluded_lines": 0, "percent_statements_covered": 100.0, "percent_statements_covered_display": "100"}, "missing_lines": [], "excluded_lines": [], "start_line": 172}, "": {"executed_lines": [7, 9, 10, 11, 12, 14, 15, 17, 20, 21, 24, 25, 26, 27, 28, 29, 30, 31, 34, 42, 45, 48, 159, 172], "summary": {"covered_lines": 24, "num_statements": 24, "percent_covered": 100.0, "percent_covered_display": "100", "missing_lines": 0, "excluded_lines": 0, "percent_statements_covered": 100.0, "percent_statements_covered_display": "100"}, "missing_lines": [], "excluded_lines": [], "start_line": 1}}, "classes": {"Forecast": {"executed_lines": [], "summary": {"covered_lines": 0, "num_statements": 0, "percent_covered": 100.0, "percent_covered_display": "100", "missing_lines": 0, "excluded_lines": 0, "percent_statements_covered": 100.0, "percent_statements_covered_display": "100"}, "missing_lines": [], "excluded_lines": [], "start_line": 21}, "TrendForecaster": {"executed_lines": [46, 63, 64, 67, 76, 77, 78, 79, 80, 81, 83, 84, 85, 88, 106, 107, 112, 115, 118, 121, 122, 123, 124, 125, 126, 129, 130, 131, 132, 133, 134, 137, 139, 141, 148, 160], "summary": {"covered_lines": 36, "num_statements": 41, "percent_covered": 87.8048780487805, "percent_covered_display": "88", "missing_lines": 5, "excluded_lines": 0, "percent_statements_covered": 87.8048780487805, "percent_statements_covered_display": "88"}, "missing_lines": [108, 109, 110, 113, 135], "excluded_lines": [], "start_line": 42}, "": {"executed_lines": [7, 9, 10, 11, 12, 14, 15, 17, 20, 21, 24, 25, 26, 27, 28, 29, 30, 31, 34, 42, 45, 48, 159, 172, 174, 175, 176, 177, 180, 182, 183, 184, 185, 186, 188], "summary": {"covered_lines": 35, "num_statements": 35, "percent_covered": 100.0, "percent_covered_display": "100", "missing_lines": 0, "excluded_lines": 0, "percent_statements_covered": 100.0, "percent_statements_covered_display": "100"}, "missing_lines": [], "excluded_lines": [], "start_line": 1}}}, "health_unified_platform/health_platform/api/__init__.py": {"executed_lines": [], "summary": {"covered_lines": 0, "num_statements": 0, "percent_covered": 100.0, "percent_covered_display": "100", "missing_lines": 0, "excluded_lines": 0, "percent_statements_covered": 100.0, "percent_statements_covered_display": "100"}, "missing_lines": [], "excluded_lines": [], "functions": {"": {"executed_lines": [], "summary": {"covered_lines": 0, "num_statements": 0, "percent_covered": 100.0, "percent_covered_display": "100", "missing_lines": 0, "excluded_lines": 0, "percent_statements_covered": 100.0, "percent_statements_covered_display": "100"}, "missing_lines": [], "excluded_lines": [], "start_line": 1}}, "classes": {"": {"executed_lines": [], "summary": {"covered_lines": 0, "num_statements": 0, "percent_covered": 100.0, "percent_covered_display": "100", "missing_lines": 0, "excluded_lines": 0, "percent_statements_covered": 100.0, "percent_statements_covered_display": "100"}, "missing_lines": [], "excluded_lines": [], "start_line": 1}}}, "health_unified_platform/health_platform/api/auth.py": {"executed_lines": [11, 13, 14, 16, 17, 18, 19, 21, 23, 25, 28, 37, 38, 40, 41, 42, 43, 63, 67, 68, 69, 73], "summary": {"covered_lines": 22, "num_statements": 29, "percent_covered": 75.86206896551724, "percent_covered_display": "76", "missing_lines": 7, "excluded_lines": 0, "percent_statements_covered": 75.86206896551724, "percent_statements_covered_display": "76"}, "missing_lines": [46, 47, 48, 54, 55, 59, 60], "excluded_lines": [], "functions": {"get_api_token": {"executed_lines": [37, 38, 40, 41, 42, 43], "summary": {"covered_lines": 6, "num_statements": 13, "percent_covered": 46.15384615384615, "percent_covered_display": "46", "missing_lines": 7, "excluded_lines": 0, "percent_statements_covered": 46.15384615384615, "percent_statements_covered_display": "46"}, "missing_lines": [46, 47, 48, 54, 55, 59, 60], "excluded_lines": [], "start_line": 28}, "verify_token": {"executed_lines": [67, 68, 69, 73], "summary": {"covered_lines": 4, "num_statements": 4, "percent_covered": 100.0, "percent_covered_display": "100", "missing_lines": 0, "excluded_lines": 0, "percent_statements_covered": 100.0, "percent_statements_covered_display": "100"}, "missing_lines": [], "excluded_lines": [], "start_line": 63}, "": {"executed_lines": [11, 13, 14, 16, 17, 18, 19, 21, 23, 25, 28, 63], "summary": {"covered_lines": 12, "num_statements": 12, "percent_covered": 100.0, "percent_covered_display": "100", "missing_lines": 0, "excluded_lines": 0, "percent_statements_covered": 100.0, "percent_statements_covered_display": "100"}, "missing_lines": [], "excluded_lines": [], "start_line": 1}}, "classes": {"": {"executed_lines": [11, 13, 14, 16, 17, 18, 19, 21, 23, 25, 28, 37, 38, 40, 41, 42, 43, 63, 67, 68, 69, 73], "summary": {"covered_lines": 22, "num_statements": 29, "percent_covered": 75.86206896551724, "percent_covered_display": "76", "missing_lines": 7, "excluded_lines": 0, "percent_statements_covered": 75.86206896551724, "percent_statements_covered_display": "76"}, "missing_lines": [46, 47, 48, 54, 55, 59, 60], "excluded_lines": [], "start_line": 1}}}, "health_unified_platform/health_platform/api/chat_engine.py": {"executed_lines": [8, 10, 11, 13, 14, 15, 17, 19, 21, 23, 46, 152, 154, 155, 157, 160, 162, 165, 166, 175, 177, 178, 192, 193, 204, 206, 207, 208, 218, 223, 224, 225, 226, 228, 231, 240, 241, 242, 243, 259, 261, 262, 263, 268, 269, 270, 275, 276, 277, 282, 283, 287, 288, 293, 294, 295, 296, 304, 318, 319, 320, 321, 322, 327, 328, 330, 331, 332, 339, 340, 341, 344, 345, 346, 347, 356, 360, 362, 365, 368, 369, 370, 372, 376, 377, 378, 380, 381, 389, 392, 393, 394, 395, 402, 405, 415, 418, 427, 433, 434, 436, 440, 451, 461, 462, 469, 470, 472, 473, 486, 487, 488, 489, 497, 501, 503, 506, 507, 508, 510, 511, 519, 521, 522, 523, 524, 531, 533, 543, 557, 558, 564, 565, 566, 569, 582, 584, 585, 592, 593], "summary": {"covered_lines": 140, "num_statements": 179, "percent_covered": 78.2122905027933, "percent_covered_display": "78", "missing_lines": 39, "excluded_lines": 0, "percent_statements_covered": 78.2122905027933, "percent_statements_covered_display": "78"}, "missing_lines": [156, 167, 199, 201, 219, 220, 221, 250, 251, 323, 324, 333, 334, 379, 406, 437, 438, 442, 443, 463, 464, 465, 466, 467, 474, 475, 480, 481, 482, 483, 509, 534, 546, 570, 571, 573, 574, 586, 587], "excluded_lines": [], "functions": {"_get_api_key": {"executed_lines": [154, 155, 157], "summary": {"covered_lines": 3, "num_statements": 4, "percent_covered": 75.0, "percent_covered_display": "75", "missing_lines": 1, "excluded_lines": 0, "percent_statements_covered": 75.0, "percent_statements_covered_display": "75"}, "missing_lines": [156], "excluded_lines": [], "start_line": 152}, "_get_client": {"executed_lines": [162, 165, 166], "summary": {"covered_lines": 3, "num_statements": 4, "percent_covered": 75.0, "percent_covered_display": "75", "missing_lines": 1, "excluded_lines": 0, "percent_statements_covered": 75.0, "percent_statements_covered_display": "75"}, "missing_lines": [167], "excluded_lines": [], "start_line": 160}, "_ensure_chat_history_table": {"executed_lines": [177, 178, 192, 193], "summary": {"covered_lines": 4, "num_statements": 6, "percent_covered": 66.66666666666667, "percent_covered_display": "67", "missing_lines": 2, "excluded_lines": 0, "percent_statements_covered": 66.66666666666667, "percent_statements_covered_display": "67"}, "missing_lines": [199, 201], "excluded_lines": [], "start_line": 175}, "_load_chat_history": {"executed_lines": [206, 207, 208, 218, 223, 224, 225, 226, 228], "summary": {"covered_lines": 9, "num_statements": 12, "percent_covered": 75.0, "percent_covered_display": "75", "missing_lines": 3, "excluded_lines": 0, "percent_statements_covered": 75.0, "percent_statements_covered_display": "75"}, "missing_lines": [219, 220, 221], "excluded_lines": [], "start_line": 204}, "_save_message": {"executed_lines": [240, 241, 242, 243], "summary": {"covered_lines": 4, "num_statements": 6, "percent_covered": 66.66666666666667, "percent_covered_display": "67", "missing_lines": 2, "excluded_lines": 0, "percent_statements_covered": 66.66666666666667, "percent_statements_covered_display": "67"}, "missing_lines": [250, 251], "excluded_lines": [], "start_line": 231}, "_execute_tool": {"executed_lines": [261, 262, 263, 268, 269, 270, 275, 276, 277, 282, 283, 287, 288, 293, 294, 295, 296], "summary": {"covered_lines": 17, "num_statements": 17, "percent_covered": 100.0, "percent_covered_display": "100", "missing_lines": 0, "excluded_lines": 0, "percent_statements_covered": 100.0, "percent_statements_covered_display": "100"}, "missing_lines": [], "excluded_lines": [], "start_line": 259}, "generate_response": {"executed_lines": [318, 319, 320, 321, 322, 327, 328, 330, 331, 332, 339, 340, 341, 344, 345, 346, 347, 356, 360, 362, 365, 368, 369, 370, 372, 376, 377, 378, 380, 381, 389, 392, 393, 394, 395, 402, 405, 415, 418, 427, 433, 434, 436, 440], "summary": {"covered_lines": 44, "num_statements": 54, "percent_covered": 81.48148148148148, "percent_covered_display": "81", "missing_lines": 10, "excluded_lines": 0, "percent_statements_covered": 81.48148148148148, "percent_statements_covered_display": "81"}, "missing_lines": [323, 324, 333, 334, 379, 406, 437, 438, 442, 443], "excluded_lines": [], "start_line": 304}, "generate_response_stream": {"executed_lines": [461, 462, 469, 470, 472, 473, 486, 487, 488, 489, 497, 501, 503, 506, 507, 508, 510, 511, 519, 521, 522, 523, 524, 531, 533, 543, 557, 558, 564, 565, 566, 569], "summary": {"covered_lines": 32, "num_statements": 50, "percent_covered": 64.0, "percent_covered_display": "64", "missing_lines": 18, "excluded_lines": 0, "percent_statements_covered": 64.0, "percent_statements_covered_display": "64"}, "missing_lines": [463, 464, 465, 466, 467, 474, 475, 480, 481, 482, 483, 509, 534, 546, 570, 571, 573, 574], "excluded_lines": [], "start_line": 451}, "_format_error_response": {"executed_lines": [584, 585, 592, 593], "summary": {"covered_lines": 4, "num_statements": 6, "percent_covered": 66.66666666666667, "percent_covered_display": "67", "missing_lines": 2, "excluded_lines": 0, "percent_statements_covered": 66.66666666666667, "percent_statements_covered_display": "67"}, "missing_lines": [586, 587], "excluded_lines": [], "start_line": 582}, "": {"executed_lines": [8, 10, 11, 13, 14, 15, 17, 19, 21, 23, 46, 152, 160, 175, 204, 231, 259, 304, 451, 582], "summary": {"covered_lines": 20, "num_statements": 20, "percent_covered": 100.0, "percent_covered_display": "100", "missing_lines": 0, "excluded_lines": 0, "percent_statements_covered": 100.0, "percent_statements_covered_display": "100"}, "missing_lines": [], "excluded_lines": [], "start_line": 1}}, "classes": {"": {"executed_lines": [8, 10, 11, 13, 14, 15, 17, 19, 21, 23, 46, 152, 154, 155, 157, 160, 162, 165, 166, 175, 177, 178, 192, 193, 204, 206, 207, 208, 218, 223, 224, 225, 226, 228, 231, 240, 241, 242, 243, 259, 261, 262, 263, 268, 269, 270, 275, 276, 277, 282, 283, 287, 288, 293, 294, 295, 296, 304, 318, 319, 320, 321, 322, 327, 328, 330, 331, 332, 339, 340, 341, 344, 345, 346, 347, 356, 360, 362, 365, 368, 369, 370, 372, 376, 377, 378, 380, 381, 389, 392, 393, 394, 395, 402, 405, 415, 418, 427, 433, 434, 436, 440, 451, 461, 462, 469, 470, 472, 473, 486, 487, 488, 489, 497, 501, 503, 506, 507, 508, 510, 511, 519, 521, 522, 523, 524, 531, 533, 543, 557, 558, 564, 565, 566, 569, 582, 584, 585, 592, 593], "summary": {"covered_lines": 140, "num_statements": 179, "percent_covered": 78.2122905027933, "percent_covered_display": "78", "missing_lines": 39, "excluded_lines": 0, "percent_statements_covered": 78.2122905027933, "percent_statements_covered_display": "78"}, "missing_lines": [156, 167, 199, 201, 219, 220, 221, 250, 251, 323, 324, 333, 334, 379, 406, 437, 438, 442, 443, 463, 464, 465, 466, 467, 474, 475, 480, 481, 482, 483, 509, 534, 546, 570, 571, 573, 574, 586, 587], "excluded_lines": [], "start_line": 1}}}, "health_unified_platform/health_platform/api/chat_ui.py": {"executed_lines": [8, 10, 11, 13, 15, 679, 680], "summary": {"covered_lines": 7, "num_statements": 8, "percent_covered": 87.5, "percent_covered_display": "88", "missing_lines": 1, "excluded_lines": 0, "percent_statements_covered": 87.5, "percent_statements_covered_display": "88"}, "missing_lines": [682], "excluded_lines": [], "functions": {"chat_ui": {"executed_lines": [], "summary": {"covered_lines": 0, "num_statements": 1, "percent_covered": 0.0, "percent_covered_display": "0", "missing_lines": 1, "excluded_lines": 0, "percent_statements_covered": 0.0, "percent_statements_covered_display": "0"}, "missing_lines": [682], "excluded_lines": [], "start_line": 680}, "": {"executed_lines": [8, 10, 11, 13, 15, 679, 680], "summary": {"covered_lines": 7, "num_statements": 7, "percent_covered": 100.0, "percent_covered_display": "100", "missing_lines": 0, "excluded_lines": 0, "percent_statements_covered": 100.0, "percent_statements_covered_display": "100"}, "missing_lines": [], "excluded_lines": [], "start_line": 1}}, "classes": {"": {"executed_lines": [8, 10, 11, 13, 15, 679, 680], "summary": {"covered_lines": 7, "num_statements": 8, "percent_covered": 87.5, "percent_covered_display": "88", "missing_lines": 1, "excluded_lines": 0, "percent_statements_covered": 87.5, "percent_statements_covered_display": "88"}, "missing_lines": [682], "excluded_lines": [], "start_line": 1}}}, "health_unified_platform/health_platform/api/routes/__init__.py": {"executed_lines": [], "summary": {"covered_lines": 0, "num_statements": 0, "percent_covered": 100.0, "percent_covered_display": "100", "missing_lines": 0, "excluded_lines": 0, "percent_statements_covered": 100.0, "percent_statements_covered_display": "100"}, "missing_lines": [], "excluded_lines": [], "functions": {"": {"executed_lines": [], "summary": {"covered_lines": 0, "num_statements": 0, "percent_covered": 100.0, "percent_covered_display": "100", "missing_lines": 0, "excluded_lines": 0, "percent_statements_covered": 100.0, "percent_statements_covered_display": "100"}, "missing_lines": [], "excluded_lines": [], "start_line": 1}}, "classes": {"": {"executed_lines": [], "summary": {"covered_lines": 0, "num_statements": 0, "percent_covered": 100.0, "percent_covered_display": "100", "missing_lines": 0, "excluded_lines": 0, "percent_statements_covered": 100.0, "percent_statements_covered_display": "100"}, "missing_lines": [], "excluded_lines": [], "start_line": 1}}}, "health_unified_platform/health_platform/api/routes/ingest.py": {"executed_lines": [11, 13, 14, 15, 17, 19, 20, 24, 26, 28, 31, 33, 36, 38, 39, 42, 43, 56, 57, 63, 66, 67, 68, 73, 74, 75, 76, 78, 79, 80, 88, 94], "summary": {"covered_lines": 32, "num_statements": 36, "percent_covered": 88.88888888888889, "percent_covered_display": "89", "missing_lines": 4, "excluded_lines": 0, "percent_statements_covered": 88.88888888888889, "percent_statements_covered_display": "89"}, "missing_lines": [58, 81, 82, 83], "excluded_lines": [], "functions": {"_get_apple_health_root": {"executed_lines": [38, 39], "summary": {"covered_lines": 2, "num_statements": 2, "percent_covered": 100.0, "percent_covered_display": "100", "missing_lines": 0, "excluded_lines": 0, "percent_statements_covered": 100.0, "percent_statements_covered_display": "100"}, "missing_lines": [], "excluded_lines": [], "start_line": 36}, "ingest_apple_health": {"executed_lines": [56, 57, 63, 66, 67, 68, 73, 74, 75, 76, 78, 79, 80, 88, 94], "summary": {"covered_lines": 15, "num_statements": 19, "percent_covered": 78.94736842105263, "percent_covered_display": "79", "missing_lines": 4, "excluded_lines": 0, "percent_statements_covered": 78.94736842105263, "percent_statements_covered_display": "79"}, "missing_lines": [58, 81, 82, 83], "excluded_lines": [], "start_line": 43}, "": {"executed_lines": [11, 13, 14, 15, 17, 19, 20, 24, 26, 28, 31, 33, 36, 42, 43], "summary": {"covered_lines": 15, "num_statements": 15, "percent_covered": 100.0, "percent_covered_display": "100", "missing_lines": 0, "excluded_lines": 0, "percent_statements_covered": 100.0, "percent_statements_covered_display": "100"}, "missing_lines": [], "excluded_lines": [], "start_line": 1}}, "classes": {"": {"executed_lines": [11, 13, 14, 15, 17, 19, 20, 24, 26, 28, 31, 33, 36, 38, 39, 42, 43, 56, 57, 63, 66, 67, 68, 73, 74, 75, 76, 78, 79, 80, 88, 94], "summary": {"covered_lines": 32, "num_statements": 36, "percent_covered": 88.88888888888889, "percent_covered_display": "89", "missing_lines": 4, "excluded_lines": 0, "percent_statements_covered": 88.88888888888889, "percent_statements_covered_display": "89"}, "missing_lines": [58, 81, 82, 83], "excluded_lines": [], "start_line": 1}}}, "health_unified_platform/health_platform/api/routes/mobile.py": {"executed_lines": [11, 13, 14, 15, 16, 17, 19, 20, 21, 22, 23, 25, 27, 30, 32, 35, 67, 69, 70, 75, 77, 80, 82, 83, 84, 85, 86, 87, 90, 92, 94, 97, 102, 103, 104, 105, 106, 107, 108, 109, 110, 111, 112, 113, 114, 115, 117, 118, 119, 120, 121, 122, 123, 124, 130, 132, 133, 137, 138, 139, 140, 141, 142, 148, 150, 151, 155, 167, 169, 170, 175, 187, 188, 200, 201, 203, 205, 206, 207, 208, 209, 212, 213, 214, 216, 218, 227, 228, 237, 238, 240, 241, 242, 243, 244, 245, 246, 247, 251], "summary": {"covered_lines": 99, "num_statements": 116, "percent_covered": 85.34482758620689, "percent_covered_display": "85", "missing_lines": 17, "excluded_lines": 0, "percent_statements_covered": 85.34482758620689, "percent_statements_covered_display": "85"}, "missing_lines": [71, 72, 93, 125, 126, 127, 143, 144, 145, 162, 163, 164, 182, 183, 184, 248, 249], "excluded_lines": [], "functions": {"_get_db_path": {"executed_lines": [69, 70], "summary": {"covered_lines": 2, "num_statements": 4, "percent_covered": 50.0, "percent_covered_display": "50", "missing_lines": 2, "excluded_lines": 0, "percent_statements_covered": 50.0, "percent_statements_covered_display": "50"}, "missing_lines": [71, 72], "excluded_lines": [], "start_line": 67}, "_get_connection": {"executed_lines": [77], "summary": {"covered_lines": 1, "num_statements": 1, "percent_covered": 100.0, "percent_covered_display": "100", "missing_lines": 0, "excluded_lines": 0, "percent_statements_covered": 100.0, "percent_statements_covered_display": "100"}, "missing_lines": [], "excluded_lines": [], "start_line": 75}, "_parse_since": {"executed_lines": [82, 83, 84, 85, 86, 87], "summary": {"covered_lines": 6, "num_statements": 6, "percent_covered": 100.0, "percent_covered_display": "100", "missing_lines": 0, "excluded_lines": 0, "percent_statements_covered": 100.0, "percent_statements_covered_display": "100"}, "missing_lines": [], "excluded_lines": [], "start_line": 80}, "_validate_id": {"executed_lines": [92, 94], "summary": {"covered_lines": 2, "num_statements": 3, "percent_covered": 66.66666666666667, "percent_covered_display": "67", "missing_lines": 1, "excluded_lines": 0, "percent_statements_covered": 66.66666666666667, "percent_statements_covered_display": "67"}, "missing_lines": [93], "excluded_lines": [], "start_line": 90}, "_query_metric": {"executed_lines": [102, 103, 104, 105, 106, 107, 108, 109, 110, 111, 112, 113, 114, 115, 117, 118, 119, 120, 121, 122, 123, 124], "summary": {"covered_lines": 22, "num_statements": 25, "percent_covered": 88.0, "percent_covered_display": "88", "missing_lines": 3, "excluded_lines": 0, "percent_statements_covered": 88.0, "percent_statements_covered_display": "88"}, "missing_lines": [125, 126, 127], "excluded_lines": [], "start_line": 97}, "_get_profile": {"executed_lines": [132, 133, 137, 138, 139, 140, 141, 142], "summary": {"covered_lines": 8, "num_statements": 11, "percent_covered": 72.72727272727273, "percent_covered_display": "73", "missing_lines": 3, "excluded_lines": 0, "percent_statements_covered": 72.72727272727273, "percent_statements_covered_display": "73"}, "missing_lines": [143, 144, 145], "excluded_lines": [], "start_line": 130}, "_get_daily_summaries": {"executed_lines": [150, 151, 155], "summary": {"covered_lines": 3, "num_statements": 6, "percent_covered": 50.0, "percent_covered_display": "50", "missing_lines": 3, "excluded_lines": 0, "percent_statements_covered": 50.0, "percent_statements_covered_display": "50"}, "missing_lines": [162, 163, 164], "excluded_lines": [], "start_line": 148}, "_get_alerts": {"executed_lines": [169, 170, 175], "summary": {"covered_lines": 3, "num_statements": 6, "percent_covered": 50.0, "percent_covered_display": "50", "missing_lines": 3, "excluded_lines": 0, "percent_statements_covered": 50.0, "percent_statements_covered_display": "50"}, "missing_lines": [182, 183, 184], "excluded_lines": [], "start_line": 167}, "sync": {"executed_lines": [200, 201, 203, 205, 206, 207, 208, 209, 212, 213, 214, 216, 218], "summary": {"covered_lines": 13, "num_statements": 13, "percent_covered": 100.0, "percent_covered_display": "100", "missing_lines": 0, "excluded_lines": 0, "percent_statements_covered": 100.0, "percent_statements_covered_display": "100"}, "missing_lines": [], "excluded_lines": [], "start_line": 188}, "thresholds": {"executed_lines": [237, 238, 240, 241, 242, 243, 244, 245, 246, 247, 251], "summary": {"covered_lines": 11, "num_statements": 13, "percent_covered": 84.61538461538461, "percent_covered_display": "85", "missing_lines": 2, "excluded_lines": 0, "percent_statements_covered": 84.61538461538461, "percent_statements_covered_display": "85"}, "missing_lines": [248, 249], "excluded_lines": [], "start_line": 228}, "": {"executed_lines": [11, 13, 14, 15, 16, 17, 19, 20, 21, 22, 23, 25, 27, 30, 32, 35, 67, 75, 80, 90, 97, 130, 148, 167, 187, 188, 227, 228], "summary": {"covered_lines": 28, "num_statements": 28, "percent_covered": 100.0, "percent_covered_display": "100", "missing_lines": 0, "excluded_lines": 0, "percent_statements_covered": 100.0, "percent_statements_covered_display": "100"}, "missing_lines": [], "excluded_lines": [], "start_line": 1}}, "classes": {"": {"executed_lines": [11, 13, 14, 15, 16, 17, 19, 20, 21, 22, 23, 25, 27, 30, 32, 35, 67, 69, 70, 75, 77, 80, 82, 83, 84, 85, 86, 87, 90, 92, 94, 97, 102, 103, 104, 105, 106, 107, 108, 109, 110, 111, 112, 113, 114, 115, 117, 118, 119, 120, 121, 122, 123, 124, 130, 132, 133, 137, 138, 139, 140, 141, 142, 148, 150, 151, 155, 167, 169, 170, 175, 187, 188, 200, 201, 203, 205, 206, 207, 208, 209, 212, 213, 214, 216, 218, 227, 228, 237, 238, 240, 241, 242, 243, 244, 245, 246, 247, 251], "summary": {"covered_lines": 99, "num_statements": 116, "percent_covered": 85.34482758620689, "percent_covered_display": "85", "missing_lines": 17, "excluded_lines": 0, "percent_statements_covered": 85.34482758620689, "percent_statements_covered_display": "85"}, "missing_lines": [71, 72, 93, 125, 126, 127, 143, 144, 145, 162, 163, 164, 182, 183, 184, 248, 249], "excluded_lines": [], "start_line": 1}}}, "health_unified_platform/health_platform/api/server.py": {"executed_lines": [13, 15, 16, 17, 18, 19, 20, 22, 23, 24, 25, 26, 27, 28, 30, 33, 35, 36, 41, 42, 53, 61, 62, 64, 65, 68, 70, 73, 75, 78, 80, 81, 82, 88, 89, 92, 95, 100, 101, 102, 105, 106, 107, 108, 109, 110, 113, 114, 115, 121, 122, 124, 125, 126, 133, 134, 143, 145, 146, 147, 149, 151, 154, 160, 161, 187, 188, 200, 201, 202, 204, 206, 215, 216, 221, 222, 223, 228, 230, 232, 235, 236, 243, 244, 245, 247, 248, 249, 250, 258, 260, 269], "summary": {"covered_lines": 92, "num_statements": 120, "percent_covered": 76.66666666666667, "percent_covered_display": "77", "missing_lines": 28, "excluded_lines": 0, "percent_statements_covered": 76.66666666666667, "percent_statements_covered_display": "77"}, "missing_lines": [37, 38, 44, 45, 46, 48, 49, 50, 152, 170, 172, 174, 175, 176, 179, 180, 182, 184, 271, 272, 273, 275, 279, 280, 281, 282, 284, 285], "excluded_lines": [], "functions": {"_get_db_path": {"executed_lines": [35, 36], "summary": {"covered_lines": 2, "num_statements": 4, "percent_covered": 50.0, "percent_covered_display": "50", "missing_lines": 2, "excluded_lines": 0, "percent_statements_covered": 50.0, "percent_statements_covered_display": "50"}, "missing_lines": [37, 38], "excluded_lines": [], "start_line": 33}, "lifespan": {"executed_lines": [], "summary": {"covered_lines": 0, "num_statements": 6, "percent_covered": 0.0, "percent_covered_display": "0", "missing_lines": 6, "excluded_lines": 0, "percent_statements_covered": 0.0, "percent_statements_covered_display": "0"}, "missing_lines": [44, 45, 46, 48, 49, 50], "excluded_lines": [], "start_line": 42}, "_get_tools": {"executed_lines": [80, 81, 82], "summary": {"covered_lines": 3, "num_statements": 3, "percent_covered": 100.0, "percent_covered_display": "100", "missing_lines": 0, "excluded_lines": 0, "percent_statements_covered": 100.0, "percent_statements_covered_display": "100"}, "missing_lines": [], "excluded_lines": [], "start_line": 78}, "health_check": {"executed_lines": [124, 125, 126], "summary": {"covered_lines": 3, "num_statements": 3, "percent_covered": 100.0, "percent_covered_display": "100", "missing_lines": 0, "excluded_lines": 0, "percent_statements_covered": 100.0, "percent_statements_covered_display": "100"}, "missing_lines": [], "excluded_lines": [], "start_line": 122}, "chat": {"executed_lines": [143, 145, 146, 147, 149, 151, 154], "summary": {"covered_lines": 7, "num_statements": 8, "percent_covered": 87.5, "percent_covered_display": "88", "missing_lines": 1, "excluded_lines": 0, "percent_statements_covered": 87.5, "percent_statements_covered_display": "88"}, "missing_lines": [152], "excluded_lines": [], "start_line": 134}, "chat_stream": {"executed_lines": [], "summary": {"covered_lines": 0, "num_statements": 4, "percent_covered": 0.0, "percent_covered_display": "0", "missing_lines": 4, "excluded_lines": 0, "percent_statements_covered": 0.0, "percent_statements_covered_display": "0"}, "missing_lines": [170, 172, 174, 184], "excluded_lines": [], "start_line": 161}, "chat_stream.event_generator": {"executed_lines": [], "summary": {"covered_lines": 0, "num_statements": 5, "percent_covered": 0.0, "percent_covered_display": "0", "missing_lines": 5, "excluded_lines": 0, "percent_statements_covered": 0.0, "percent_statements_covered_display": "0"}, "missing_lines": [175, 176, 179, 180, 182], "excluded_lines": [], "start_line": 174}, "query": {"executed_lines": [200, 201, 202, 204, 206], "summary": {"covered_lines": 5, "num_statements": 5, "percent_covered": 100.0, "percent_covered_display": "100", "missing_lines": 0, "excluded_lines": 0, "percent_statements_covered": 100.0, "percent_statements_covered_display": "100"}, "missing_lines": [], "excluded_lines": [], "start_line": 188}, "profile": {"executed_lines": [221, 222, 223, 228, 230, 232], "summary": {"covered_lines": 6, "num_statements": 6, "percent_covered": 100.0, "percent_covered_display": "100", "missing_lines": 0, "excluded_lines": 0, "percent_statements_covered": 100.0, "percent_statements_covered_display": "100"}, "missing_lines": [], "excluded_lines": [], "start_line": 216}, "alerts": {"executed_lines": [243, 244, 245, 247, 248, 249, 250, 258, 260], "summary": {"covered_lines": 9, "num_statements": 9, "percent_covered": 100.0, "percent_covered_display": "100", "missing_lines": 0, "excluded_lines": 0, "percent_statements_covered": 100.0, "percent_statements_covered_display": "100"}, "missing_lines": [], "excluded_lines": [], "start_line": 236}, "_markdown_table_to_plain": {"executed_lines": [], "summary": {"covered_lines": 0, "num_statements": 10, "percent_covered": 0.0, "percent_covered_display": "0", "missing_lines": 10, "excluded_lines": 0, "percent_statements_covered": 0.0, "percent_statements_covered_display": "0"}, "missing_lines": [271, 272, 273, 275, 279, 280, 281, 282, 284, 285], "excluded_lines": [], "start_line": 269}, "": {"executed_lines": [13, 15, 16, 17, 18, 19, 20, 22, 23, 24, 25, 26, 27, 28, 30, 33, 41, 42, 53, 61, 62, 64, 65, 68, 70, 73, 75, 78, 88, 89, 92, 95, 100, 101, 102, 105, 106, 107, 108, 109, 110, 113, 114, 115, 121, 122, 133, 134, 160, 161, 187, 188, 215, 216, 235, 236, 269], "summary": {"covered_lines": 57, "num_statements": 57, "percent_covered": 100.0, "percent_covered_display": "100", "missing_lines": 0, "excluded_lines": 0, "percent_statements_covered": 100.0, "percent_statements_covered_display": "100"}, "missing_lines": [], "excluded_lines": [], "start_line": 1}}, "classes": {"ChatRequest": {"executed_lines": [], "summary": {"covered_lines": 0, "num_statements": 0, "percent_covered": 100.0, "percent_covered_display": "100", "missing_lines": 0, "excluded_lines": 0, "percent_statements_covered": 100.0, "percent_statements_covered_display": "100"}, "missing_lines": [], "excluded_lines": [], "start_line": 88}, "ChatResponse": {"executed_lines": [], "summary": {"covered_lines": 0, "num_statements": 0, "percent_covered": 100.0, "percent_covered_display": "100", "missing_lines": 0, "excluded_lines": 0, "percent_statements_covered": 100.0, "percent_statements_covered_display": "100"}, "missing_lines": [], "excluded_lines": [], "start_line": 100}, "QueryResponse": {"executed_lines": [], "summary": {"covered_lines": 0, "num_statements": 0, "percent_covered": 100.0, "percent_covered_display": "100", "missing_lines": 0, "excluded_lines": 0, "percent_statements_covered": 100.0, "percent_statements_covered_display": "100"}, "missing_lines": [], "excluded_lines": [], "start_line": 105}, "AlertsResponse": {"executed_lines": [], "summary": {"covered_lines": 0, "num_statements": 0, "percent_covered": 100.0, "percent_covered_display": "100", "missing_lines": 0, "excluded_lines": 0, "percent_statements_covered": 100.0, "percent_statements_covered_display": "100"}, "missing_lines": [], "excluded_lines": [], "start_line": 113}, "": {"executed_lines": [13, 15, 16, 17, 18, 19, 20, 22, 23, 24, 25, 26, 27, 28, 30, 33, 35, 36, 41, 42, 53, 61, 62, 64, 65, 68, 70, 73, 75, 78, 80, 81, 82, 88, 89, 92, 95, 100, 101, 102, 105, 106, 107, 108, 109, 110, 113, 114, 115, 121, 122, 124, 125, 126, 133, 134, 143, 145, 146, 147, 149, 151, 154, 160, 161, 187, 188, 200, 201, 202, 204, 206, 215, 216, 221, 222, 223, 228, 230, 232, 235, 236, 243, 244, 245, 247, 248, 249, 250, 258, 260, 269], "summary": {"covered_lines": 92, "num_statements": 120, "percent_covered": 76.66666666666667, "percent_covered_display": "77", "missing_lines": 28, "excluded_lines": 0, "percent_statements_covered": 76.66666666666667, "percent_statements_covered_display": "77"}, "missing_lines": [37, 38, 44, 45, 46, 48, 49, 50, 152, 170, 172, 174, 175, 176, 179, 180, 182, 184, 271, 272, 273, 275, 279, 280, 281, 282, 284, 285], "excluded_lines": [], "start_line": 1}}}, "health_unified_platform/health_platform/contracts/__init__.py": {"executed_lines": [], "summary": {"covered_lines": 0, "num_statements": 0, "percent_covered": 100.0, "percent_covered_display": "100", "missing_lines": 0, "excluded_lines": 0, "percent_statements_covered": 100.0, "percent_statements_covered_display": "100"}, "missing_lines": [], "excluded_lines": [], "functions": {"": {"executed_lines": [], "summary": {"covered_lines": 0, "num_statements": 0, "percent_covered": 100.0, "percent_covered_display": "100", "missing_lines": 0, "excluded_lines": 0, "percent_statements_covered": 100.0, "percent_statements_covered_display": "100"}, "missing_lines": [], "excluded_lines": [], "start_line": 1}}, "classes": {"": {"executed_lines": [], "summary": {"covered_lines": 0, "num_statements": 0, "percent_covered": 100.0, "percent_covered_display": "100", "missing_lines": 0, "excluded_lines": 0, "percent_statements_covered": 100.0, "percent_statements_covered_display": "100"}, "missing_lines": [], "excluded_lines": [], "start_line": 1}}}, "health_unified_platform/health_platform/desktop/__init__.py": {"executed_lines": [], "summary": {"covered_lines": 0, "num_statements": 0, "percent_covered": 100.0, "percent_covered_display": "100", "missing_lines": 0, "excluded_lines": 0, "percent_statements_covered": 100.0, "percent_statements_covered_display": "100"}, "missing_lines": [], "excluded_lines": [], "functions": {"": {"executed_lines": [], "summary": {"covered_lines": 0, "num_statements": 0, "percent_covered": 100.0, "percent_covered_display": "100", "missing_lines": 0, "excluded_lines": 0, "percent_statements_covered": 100.0, "percent_statements_covered_display": "100"}, "missing_lines": [], "excluded_lines": [], "start_line": 1}}, "classes": {"": {"executed_lines": [], "summary": {"covered_lines": 0, "num_statements": 0, "percent_covered": 100.0, "percent_covered_display": "100", "missing_lines": 0, "excluded_lines": 0, "percent_statements_covered": 100.0, "percent_statements_covered_display": "100"}, "missing_lines": [], "excluded_lines": [], "start_line": 1}}}, "health_unified_platform/health_platform/desktop/__main__.py": {"executed_lines": [], "summary": {"covered_lines": 0, "num_statements": 13, "percent_covered": 0.0, "percent_covered_display": "0", "missing_lines": 13, "excluded_lines": 0, "percent_statements_covered": 0.0, "percent_statements_covered_display": "0"}, "missing_lines": [8, 10, 13, 14, 15, 20, 22, 23, 25, 27, 29, 32, 33], "excluded_lines": [], "functions": {"main": {"executed_lines": [], "summary": {"covered_lines": 0, "num_statements": 8, "percent_covered": 0.0, "percent_covered_display": "0", "missing_lines": 8, "excluded_lines": 0, "percent_statements_covered": 0.0, "percent_statements_covered_display": "0"}, "missing_lines": [14, 15, 20, 22, 23, 25, 27, 29], "excluded_lines": [], "start_line": 13}, "": {"executed_lines": [], "summary": {"covered_lines": 0, "num_statements": 5, "percent_covered": 0.0, "percent_covered_display": "0", "missing_lines": 5, "excluded_lines": 0, "percent_statements_covered": 0.0, "percent_statements_covered_display": "0"}, "missing_lines": [8, 10, 13, 32, 33], "excluded_lines": [], "start_line": 1}}, "classes": {"": {"executed_lines": [], "summary": {"covered_lines": 0, "num_statements": 13, "percent_covered": 0.0, "percent_covered_display": "0", "missing_lines": 13, "excluded_lines": 0, "percent_statements_covered": 0.0, "percent_statements_covered_display": "0"}, "missing_lines": [8, 10, 13, 14, 15, 20, 22, 23, 25, 27, 29, 32, 33], "excluded_lines": [], "start_line": 1}}}, "health_unified_platform/health_platform/desktop/api.py": {"executed_lines": [9, 11, 12, 13, 14, 15, 16, 18, 19, 20, 21, 23, 25, 28, 30, 32, 33, 34, 35, 36, 37, 38, 39, 40, 43, 51, 52, 53, 54, 55, 56, 57, 58, 59, 61, 64, 66, 67, 68, 69, 70, 72, 74, 75, 76, 77, 79, 81, 82, 84, 85, 97, 99, 100, 101, 103, 104, 124, 131, 132, 133, 135, 137, 138, 139, 140, 141, 184, 186, 187, 188, 189, 197, 198, 202, 203, 205, 207, 208, 209, 216, 222, 224, 225, 226, 227, 228, 233, 235, 236, 237, 238, 257, 267, 268, 269, 270, 275, 276, 277, 278, 280, 288, 290, 292, 293, 318, 321, 322, 324, 326, 327, 333, 344, 346, 349, 359, 369, 37
[...]
s": 1, "excluded_lines": 0, "percent_statements_covered": 0.0, "percent_statements_covered_display": "0"}, "missing_lines": [54], "excluded_lines": [], "start_line": 53}, "AuditLogger.__init__": {"executed_lines": [], "summary": {"covered_lines": 0, "num_statements": 8, "percent_covered": 0.0, "percent_covered_display": "0", "missing_lines": 8, "excluded_lines": 0, "percent_statements_covered": 0.0, "percent_statements_covered_display": "0"}, "missing_lines": [72, 73, 74, 75, 77, 78, 79, 81], "excluded_lines": [], "start_line": 65}, "AuditLogger.__enter__": {"executed_lines": [], "summary": {"covered_lines": 0, "num_statements": 2, "percent_covered": 0.0, "percent_covered_display": "0", "missing_lines": 2, "excluded_lines": 0, "percent_statements_covered": 0.0, "percent_statements_covered_display": "0"}, "missing_lines": [88, 89], "excluded_lines": [], "start_line": 87}, "AuditLogger.__exit__": {"executed_lines": [], "summary": {"covered_lines": 0, "num_statements": 4, "percent_covered": 0.0, "percent_covered_display": "0", "missing_lines": 4, "excluded_lines": 0, "percent_statements_covered": 0.0, "percent_statements_covered_display": "0"}, "missing_lines": [92, 93, 95, 96], "excluded_lines": [], "start_line": 91}, "AuditLogger.start": {"executed_lines": [], "summary": {"covered_lines": 0, "num_statements": 7, "percent_covered": 0.0, "percent_covered_display": "0", "missing_lines": 7, "excluded_lines": 0, "percent_statements_covered": 0.0, "percent_statements_covered_display": "0"}, "missing_lines": [104, 105, 106, 107, 109, 110, 111], "excluded_lines": [], "start_line": 102}, "AuditLogger.log_table": {"executed_lines": [], "summary": {"covered_lines": 0, "num_statements": 10, "percent_covered": 0.0, "percent_covered_display": "0", "missing_lines": 10, "excluded_lines": 0, "percent_statements_covered": 0.0, "percent_statements_covered_display": "0"}, "missing_lines": [130, 131, 132, 134, 135, 136, 149, 161, 162, 166], "excluded_lines": [], "start_line": 115}, "AuditLogger.finish": {"executed_lines": [], "summary": {"covered_lines": 0, "num_statements": 14, "percent_covered": 0.0, "percent_covered_display": "0", "missing_lines": 14, "excluded_lines": 0, "percent_statements_covered": 0.0, "percent_statements_covered_display": "0"}, "missing_lines": [178, 179, 185, 186, 187, 198, 208, 209, 213, 214, 215, 216, 217, 218], "excluded_lines": [], "start_line": 168}, "AuditLogger._get_con": {"executed_lines": [], "summary": {"covered_lines": 0, "num_statements": 4, "percent_covered": 0.0, "percent_covered_display": "0", "missing_lines": 4, "excluded_lines": 0, "percent_statements_covered": 0.0, "percent_statements_covered_display": "0"}, "missing_lines": [225, 226, 228, 229], "excluded_lines": [], "start_line": 224}, "AuditLogger._start_duckdb": {"executed_lines": [], "summary": {"covered_lines": 0, "num_statements": 2, "percent_covered": 0.0, "percent_covered_display": "0", "missing_lines": 2, "excluded_lines": 0, "percent_statements_covered": 0.0, "percent_statements_covered_display": "0"}, "missing_lines": [232, 233], "excluded_lines": [], "start_line": 231}, "AuditLogger._log_table_duckdb": {"executed_lines": [], "summary": {"covered_lines": 0, "num_statements": 3, "percent_covered": 0.0, "percent_covered_display": "0", "missing_lines": 3, "excluded_lines": 0, "percent_statements_covered": 0.0, "percent_statements_covered_display": "0"}, "missing_lines": [262, 263, 264], "excluded_lines": [], "start_line": 249}, "AuditLogger._finish_duckdb": {"executed_lines": [], "summary": {"covered_lines": 0, "num_statements": 2, "percent_covered": 0.0, "percent_covered_display": "0", "missing_lines": 2, "excluded_lines": 0, "percent_statements_covered": 0.0, "percent_statements_covered_display": "0"}, "missing_lines": [299, 300], "excluded_lines": [], "start_line": 288}, "AuditLogger._spark": {"executed_lines": [], "summary": {"covered_lines": 0, "num_statements": 1, "percent_covered": 0.0, "percent_covered_display": "0", "missing_lines": 1, "excluded_lines": 0, "percent_statements_covered": 0.0, "percent_statements_covered_display": "0"}, "missing_lines": [326], "excluded_lines": [], "start_line": 325}, "AuditLogger._start_databricks": {"executed_lines": [], "summary": {"covered_lines": 0, "num_statements": 4, "percent_covered": 0.0, "percent_covered_display": "0", "missing_lines": 4, "excluded_lines": 0, "percent_statements_covered": 0.0, "percent_statements_covered_display": "0"}, "missing_lines": [329, 330, 331, 340], "excluded_lines": [], "start_line": 328}, "AuditLogger._log_table_databricks": {"executed_lines": [], "summary": {"covered_lines": 0, "num_statements": 7, "percent_covered": 0.0, "percent_covered_display": "0", "missing_lines": 7, "excluded_lines": 0, "percent_statements_covered": 0.0, "percent_statements_covered_display": "0"}, "missing_lines": [355, 356, 357, 359, 362, 365, 377], "excluded_lines": [], "start_line": 342}, "AuditLogger._log_table_databricks._val": {"executed_lines": [], "summary": {"covered_lines": 0, "num_statements": 1, "percent_covered": 0.0, "percent_covered_display": "0", "missing_lines": 1, "excluded_lines": 0, "percent_statements_covered": 0.0, "percent_statements_covered_display": "0"}, "missing_lines": [360], "excluded_lines": [], "start_line": 359}, "AuditLogger._log_table_databricks._str_val": {"executed_lines": [], "summary": {"covered_lines": 0, "num_statements": 1, "percent_covered": 0.0, "percent_covered_display": "0", "missing_lines": 1, "excluded_lines": 0, "percent_statements_covered": 0.0, "percent_statements_covered_display": "0"}, "missing_lines": [363], "excluded_lines": [], "start_line": 362}, "AuditLogger._finish_databricks": {"executed_lines": [], "summary": {"covered_lines": 0, "num_statements": 6, "percent_covered": 0.0, "percent_covered_display": "0", "missing_lines": 6, "excluded_lines": 0, "percent_statements_covered": 0.0, "percent_statements_covered_display": "0"}, "missing_lines": [390, 391, 393, 396, 399, 411], "excluded_lines": [], "start_line": 379}, "AuditLogger._finish_databricks._val": {"executed_lines": [], "summary": {"covered_lines": 0, "num_statements": 1, "percent_covered": 0.0, "percent_covered_display": "0", "missing_lines": 1, "excluded_lines": 0, "percent_statements_covered": 0.0, "percent_statements_covered_display": "0"}, "missing_lines": [394], "excluded_lines": [], "start_line": 393}, "AuditLogger._finish_databricks._str_val": {"executed_lines": [], "summary": {"covered_lines": 0, "num_statements": 1, "percent_covered": 0.0, "percent_covered_display": "0", "missing_lines": 1, "excluded_lines": 0, "percent_statements_covered": 0.0, "percent_statements_covered_display": "0"}, "missing_lines": [397], "excluded_lines": [], "start_line": 396}, "": {"executed_lines": [], "summary": {"covered_lines": 0, "num_statements": 31, "percent_covered": 0.0, "percent_covered_display": "0", "missing_lines": 31, "excluded_lines": 0, "percent_statements_covered": 0.0, "percent_statements_covered_display": "0"}, "missing_lines": [21, 23, 24, 25, 26, 27, 28, 30, 31, 33, 36, 37, 40, 44, 49, 53, 57, 65, 87, 91, 102, 115, 168, 224, 231, 249, 288, 325, 328, 342, 379], "excluded_lines": [], "start_line": 1}}, "classes": {"AuditLogger": {"executed_lines": [], "summary": {"covered_lines": 0, "num_statements": 78, "percent_covered": 0.0, "percent_covered_display": "0", "missing_lines": 78, "excluded_lines": 0, "percent_statements_covered": 0.0, "percent_statements_covered_display": "0"}, "missing_lines": [72, 73, 74, 75, 77, 78, 79, 81, 88, 89, 92, 93, 95, 96, 104, 105, 106, 107, 109, 110, 111, 130, 131, 132, 134, 135, 136, 149, 161, 162, 166, 178, 179, 185, 186, 187, 198, 208, 209, 213, 214, 215, 216, 217, 218, 225, 226, 228, 229, 232, 233, 262, 263, 264, 299, 300, 326, 329, 330, 331, 340, 355, 356, 357, 359, 360, 362, 363, 365, 377, 390, 391, 393, 394, 396, 397, 399, 411], "excluded_lines": [], "start_line": 57}, "": {"executed_lines": [], "summary": {"covered_lines": 0, "num_statements": 36, "percent_covered": 0.0, "percent_covered_display": "0", "missing_lines": 36, "excluded_lines": 0, "percent_statements_covered": 0.0, "percent_statements_covered_display": "0"}, "missing_lines": [21, 23, 24, 25, 26, 27, 28, 30, 31, 33, 36, 37, 40, 41, 44, 45, 46, 49, 50, 53, 54, 57, 65, 87, 91, 102, 115, 168, 224, 231, 249, 288, 325, 328, 342, 379], "excluded_lines": [], "start_line": 1}}}, "health_unified_platform/health_platform/utils/keychain.py": {"executed_lines": [14, 16, 17, 19, 21, 23, 26, 38, 39, 54, 55, 56, 57, 58, 60, 66, 71, 72, 82, 83, 84, 85, 86, 88], "summary": {"covered_lines": 24, "num_statements": 27, "percent_covered": 88.88888888888889, "percent_covered_display": "89", "missing_lines": 3, "excluded_lines": 0, "percent_statements_covered": 88.88888888888889, "percent_statements_covered_display": "89"}, "missing_lines": [67, 73, 74], "excluded_lines": [], "functions": {"get_secret": {"executed_lines": [38, 39, 54, 55, 56, 57, 58, 60, 66, 71, 72, 82, 83, 84, 85, 86, 88], "summary": {"covered_lines": 17, "num_statements": 20, "percent_covered": 85.0, "percent_covered_display": "85", "missing_lines": 3, "excluded_lines": 0, "percent_statements_covered": 85.0, "percent_statements_covered_display": "85"}, "missing_lines": [67, 73, 74], "excluded_lines": [], "start_line": 26}, "": {"executed_lines": [14, 16, 17, 19, 21, 23, 26], "summary": {"covered_lines": 7, "num_statements": 7, "percent_covered": 100.0, "percent_covered_display": "100", "missing_lines": 0, "excluded_lines": 0, "percent_statements_covered": 100.0, "percent_statements_covered_display": "100"}, "missing_lines": [], "excluded_lines": [], "start_line": 1}}, "classes": {"": {"executed_lines": [14, 16, 17, 19, 21, 23, 26, 38, 39, 54, 55, 56, 57, 58, 60, 66, 71, 72, 82, 83, 84, 85, 86, 88], "summary": {"covered_lines": 24, "num_statements": 27, "percent_covered": 88.88888888888889, "percent_covered_display": "89", "missing_lines": 3, "excluded_lines": 0, "percent_statements_covered": 88.88888888888889, "percent_statements_covered_display": "89"}, "missing_lines": [67, 73, 74], "excluded_lines": [], "start_line": 1}}}, "health_unified_platform/health_platform/utils/logging_config.py": {"executed_lines": [8, 10, 11, 12, 13, 14, 16, 18, 19, 22, 29, 31, 32, 34, 35, 38, 39, 40, 41, 44, 45, 46, 48, 49, 50, 51, 53], "summary": {"covered_lines": 27, "num_statements": 27, "percent_covered": 100.0, "percent_covered_display": "100", "missing_lines": 0, "excluded_lines": 0, "percent_statements_covered": 100.0, "percent_statements_covered_display": "100"}, "missing_lines": [], "excluded_lines": [], "functions": {"get_logger": {"executed_lines": [29, 31, 32, 34, 35, 38, 39, 40, 41, 44, 45, 46, 48, 49, 50, 51, 53], "summary": {"covered_lines": 17, "num_statements": 17, "percent_covered": 100.0, "percent_covered_display": "100", "missing_lines": 0, "excluded_lines": 0, "percent_statements_covered": 100.0, "percent_statements_covered_display": "100"}, "missing_lines": [], "excluded_lines": [], "start_line": 22}, "": {"executed_lines": [8, 10, 11, 12, 13, 14, 16, 18, 19, 22], "summary": {"covered_lines": 10, "num_statements": 10, "percent_covered": 100.0, "percent_covered_display": "100", "missing_lines": 0, "excluded_lines": 0, "percent_statements_covered": 100.0, "percent_statements_covered_display": "100"}, "missing_lines": [], "excluded_lines": [], "start_line": 1}}, "classes": {"": {"executed_lines": [8, 10, 11, 12, 13, 14, 16, 18, 19, 22, 29, 31, 32, 34, 35, 38, 39, 40, 41, 44, 45, 46, 48, 49, 50, 51, 53], "summary": {"covered_lines": 27, "num_statements": 27, "percent_covered": 100.0, "percent_covered_display": "100", "missing_lines": 0, "excluded_lines": 0, "percent_statements_covered": 100.0, "percent_statements_covered_display": "100"}, "missing_lines": [], "excluded_lines": [], "start_line": 1}}}, "health_unified_platform/health_platform/utils/path_resolver.py": {"executed_lines": [9, 12, 19], "summary": {"covered_lines": 3, "num_statements": 3, "percent_covered": 100.0, "percent_covered_display": "100", "missing_lines": 0, "excluded_lines": 0, "percent_statements_covered": 100.0, "percent_statements_covered_display": "100"}, "missing_lines": [], "excluded_lines": [], "functions": {"get_project_root": {"executed_lines": [19], "summary": {"covered_lines": 1, "num_statements": 1, "percent_covered": 100.0, "percent_covered_display": "100", "missing_lines": 0, "excluded_lines": 0, "percent_statements_covered": 100.0, "percent_statements_covered_display": "100"}, "missing_lines": [], "excluded_lines": [], "start_line": 12}, "": {"executed_lines": [9, 12], "summary": {"covered_lines": 2, "num_statements": 2, "percent_covered": 100.0, "percent_covered_display": "100", "missing_lines": 0, "excluded_lines": 0, "percent_statements_covered": 100.0, "percent_statements_covered_display": "100"}, "missing_lines": [], "excluded_lines": [], "start_line": 1}}, "classes": {"": {"executed_lines": [9, 12, 19], "summary": {"covered_lines": 3, "num_statements": 3, "percent_covered": 100.0, "percent_covered_display": "100", "missing_lines": 0, "excluded_lines": 0, "percent_statements_covered": 100.0, "percent_statements_covered_display": "100"}, "missing_lines": [], "excluded_lines": [], "start_line": 1}}}, "health_unified_platform/health_platform/utils/paths.py": {"executed_lines": [15, 17, 18, 19, 21, 24, 26, 27, 28, 29, 30, 31, 32, 33, 34, 38, 40, 41, 45, 46, 49, 51, 52, 53, 54, 58, 60, 61, 63, 69, 70, 71, 77, 83, 84, 85, 88, 89, 90, 102, 104, 107, 117, 118, 119, 121, 122, 123, 124, 125, 127, 128, 130, 133, 135, 138, 140, 143, 145], "summary": {"covered_lines": 59, "num_statements": 71, "percent_covered": 83.09859154929578, "percent_covered_display": "83", "missing_lines": 12, "excluded_lines": 0, "percent_statements_covered": 83.09859154929578, "percent_statements_covered_display": "83"}, "missing_lines": [35, 42, 43, 55, 72, 73, 74, 93, 94, 95, 96, 99], "excluded_lines": [], "functions": {"_platform_default_data_lake": {"executed_lines": [26, 27, 28, 29, 30, 31, 32, 33, 34], "summary": {"covered_lines": 9, "num_statements": 10, "percent_covered": 90.0, "percent_covered_display": "90", "missing_lines": 1, "excluded_lines": 0, "percent_statements_covered": 90.0, "percent_statements_covered_display": "90"}, "missing_lines": [35], "excluded_lines": [], "start_line": 24}, "_machine_config_path": {"executed_lines": [40, 41, 45, 46], "summary": {"covered_lines": 4, "num_statements": 6, "percent_covered": 66.66666666666667, "percent_covered_display": "67", "missing_lines": 2, "excluded_lines": 0, "percent_statements_covered": 66.66666666666667, "percent_statements_covered_display": "67"}, "missing_lines": [42, 43], "excluded_lines": [], "start_line": 38}, "_load_machine_config": {"executed_lines": [51, 52, 53, 54], "summary": {"covered_lines": 4, "num_statements": 5, "percent_covered": 80.0, "percent_covered_display": "80", "missing_lines": 1, "excluded_lines": 0, "percent_statements_covered": 80.0, "percent_statements_covered_display": "80"}, "missing_lines": [55], "excluded_lines": [], "start_line": 49}, "_load_env_config": {"executed_lines": [60, 61, 63, 69, 70, 71], "summary": {"covered_lines": 6, "num_statements": 9, "percent_covered": 66.66666666666667, "percent_covered_display": "67", "missing_lines": 3, "excluded_lines": 0, "percent_statements_covered": 66.66666666666667, "percent_statements_covered_display": "67"}, "missing_lines": [72, 73, 74], "excluded_lines": [], "start_line": 58}, "get_data_lake_root": {"executed_lines": [83, 84, 85, 88, 89, 90], "summary": {"covered_lines": 6, "num_statements": 11, "percent_covered": 54.54545454545455, "percent_covered_display": "55", "missing_lines": 5, "excluded_lines": 0, "percent_statements_covered": 54.54545454545455, "percent_statements_covered_display": "55"}, "missing_lines": [93, 94, 95, 96, 99], "excluded_lines": [], "start_line": 77}, "get_db_dir": {"executed_lines": [104], "summary": {"covered_lines": 1, "num_statements": 1, "percent_covered": 100.0, "percent_covered_display": "100", "missing_lines": 0, "excluded_lines": 0, "percent_statements_covered": 100.0, "percent_statements_covered_display": "100"}, "missing_lines": [], "excluded_lines": [], "start_line": 102}, "get_db_path": {"executed_lines": [117, 118, 119, 121, 122, 123, 124, 125, 127, 128, 130], "summary": {"covered_lines": 11, "num_statements": 11, "percent_covered": 100.0, "percent_covered_display": "100", "missing_lines": 0, "excluded_lines": 0, "percent_statements_covered": 100.0, "percent_statements_covered_display": "100"}, "missing_lines": [], "excluded_lines": [], "start_line": 107}, "get_log_dir": {"executed_lines": [135], "summary": {"covered_lines": 1, "num_statements": 1, "percent_covered": 100.0, "percent_covered_display": "100", "missing_lines": 0, "excluded_lines": 0, "percent_statements_covered": 100.0, "percent_statements_covered_display": "100"}, "missing_lines": [], "excluded_lines": [], "start_line": 133}, "get_manual_dir": {"executed_lines": [140], "summary": {"covered_lines": 1, "num_statements": 1, "percent_covered": 100.0, "percent_covered_display": "100", "missing_lines": 0, "excluded_lines": 0, "percent_statements_covered": 100.0, "percent_statements_covered_display": "100"}, "missing_lines": [], "excluded_lines": [], "start_line": 138}, "get_lab_dir": {"executed_lines": [145], "summary": {"covered_lines": 1, "num_statements": 1, "percent_covered": 100.0, "percent_covered_display": "100", "missing_lines": 0, "excluded_lines": 0, "percent_statements_covered": 100.0, "percent_statements_covered_display": "100"}, "missing_lines": [], "excluded_lines": [], "start_line": 143}, "": {"executed_lines": [15, 17, 18, 19, 21, 24, 38, 49, 58, 77, 102, 107, 133, 138, 143], "summary": {"covered_lines": 15, "num_statements": 15, "percent_covered": 100.0, "percent_covered_display": "100", "missing_lines": 0, "excluded_lines": 0, "percent_statements_covered": 100.0, "percent_statements_covered_display": "100"}, "missing_lines": [], "excluded_lines": [], "start_line": 1}}, "classes": {"": {"executed_lines": [15, 17, 18, 19, 21, 24, 26, 27, 28, 29, 30, 31, 32, 33, 34, 38, 40, 41, 45, 46, 49, 51, 52, 53, 54, 58, 60, 61, 63, 69, 70, 71, 77, 83, 84, 85, 88, 89, 90, 102, 104, 107, 117, 118, 119, 121, 122, 123, 124, 125, 127, 128, 130, 133, 135, 138, 140, 143, 145], "summary": {"covered_lines": 59, "num_statements": 71, "percent_covered": 83.09859154929578, "percent_covered_display": "83", "missing_lines": 12, "excluded_lines": 0, "percent_statements_covered": 83.09859154929578, "percent_statements_covered_display": "83"}, "missing_lines": [35, 42, 43, 55, 72, 73, 74, 93, 94, 95, 96, 99], "excluded_lines": [], "start_line": 1}}}, "health_unified_platform/health_platform/visualization/__init__.py": {"executed_lines": [], "summary": {"covered_lines": 0, "num_statements": 0, "percent_covered": 100.0, "percent_covered_display": "100", "missing_lines": 0, "excluded_lines": 0, "percent_statements_covered": 100.0, "percent_statements_covered_display": "100"}, "missing_lines": [], "excluded_lines": [], "functions": {"": {"executed_lines": [], "summary": {"covered_lines": 0, "num_statements": 0, "percent_covered": 100.0, "percent_covered_display": "100", "missing_lines": 0, "excluded_lines": 0, "percent_statements_covered": 100.0, "percent_statements_covered_display": "100"}, "missing_lines": [], "excluded_lines": [], "start_line": 1}}, "classes": {"": {"executed_lines": [], "summary": {"covered_lines": 0, "num_statements": 0, "percent_covered": 100.0, "percent_covered_display": "100", "missing_lines": 0, "excluded_lines": 0, "percent_statements_covered": 100.0, "percent_statements_covered_display": "100"}, "missing_lines": [], "excluded_lines": [], "start_line": 1}}}}, "totals": {"covered_lines": 4117, "num_statements": 6677, "percent_covered": 61.6594278867755, "percent_covered_display": "62", "missing_lines": 2560, "excluded_lines": 9, "percent_statements_covered": 61.6594278867755, "percent_statements_covered_display": "62"}}